[2021-03-06T13:49:28.919] [DEBUG] cheese - login => username:张三,password:123456
[2021-03-06T13:49:28.922] [DEBUG] cheese - 张三
[2021-03-06T13:49:28.928] [DEBUG] cheese - null
[2021-03-06T13:49:28.928] [DEBUG] cheese - null
[2021-03-06T13:49:56.189] [DEBUG] cheese - login => username:admin,password:123456
[2021-03-06T13:49:56.189] [DEBUG] cheese - admin
[2021-03-06T13:49:56.192] [DEBUG] cheese - null
[2021-03-06T13:49:56.193] [DEBUG] cheese - null
[2021-03-08T09:38:44.398] [DEBUG] cheese - login => username:admin,password:123456
[2021-03-08T09:38:44.399] [DEBUG] cheese - admin
[2021-03-08T09:51:07.163] [DEBUG] cheese - login => username:张三,password:123456
[2021-03-08T09:51:07.163] [DEBUG] cheese - 张三
[2021-03-08T09:51:07.169] [DEBUG] cheese - null
[2021-03-08T09:51:07.169] [DEBUG] cheese - null
[2021-03-08T09:51:07.253] [DEBUG] cheese - null
[2021-03-08T09:51:07.253] [DEBUG] cheese - null
[2021-03-08T09:51:39.466] [DEBUG] cheese - login => username:张三,password:123456
[2021-03-08T09:51:39.468] [DEBUG] cheese - 张三
[2021-03-08T09:51:49.370] [DEBUG] cheese - null
[2021-03-08T09:51:49.370] [DEBUG] cheese - null
[2021-03-08T09:51:57.779] [DEBUG] cheese - login => username:admin,password:123456
[2021-03-08T09:51:57.779] [DEBUG] cheese - admin
[2021-03-08T09:51:57.784] [DEBUG] cheese - null
[2021-03-08T09:51:57.784] [DEBUG] cheese - null
[2021-03-08T10:15:13.226] [DEBUG] cheese - login => username:root,password:root
[2021-03-08T10:15:13.226] [DEBUG] cheese - root
[2021-03-08T10:16:21.496] [DEBUG] cheese - null
[2021-03-08T10:16:21.496] [DEBUG] cheese - null
[2021-03-08T10:16:28.885] [DEBUG] cheese - login => username:root,password:root
[2021-03-08T10:16:28.886] [DEBUG] cheese - root
[2021-03-08T10:16:33.847] [DEBUG] cheese - null
[2021-03-08T10:16:33.848] [DEBUG] cheese - null
[2021-03-08T10:17:16.376] [DEBUG] cheese - login => username:admin,password:123456
[2021-03-08T10:17:16.377] [DEBUG] cheese - admin
[2021-03-08T10:17:16.379] [DEBUG] cheese - null
[2021-03-08T10:17:16.379] [DEBUG] cheese - null
[2021-03-08T10:19:15.241] [DEBUG] cheese - login => username:linken,password:123456
[2021-03-08T10:19:15.241] [DEBUG] cheese - linken
[2021-03-08T10:19:15.243] [DEBUG] cheese - null
[2021-03-08T10:19:15.243] [DEBUG] cheese - null
[2021-03-08T10:19:28.969] [DEBUG] cheese - login => username:asdf1,password:123456
[2021-03-08T10:19:28.969] [DEBUG] cheese - asdf1
[2021-03-08T10:19:28.974] [DEBUG] cheese - null
[2021-03-08T10:19:28.974] [DEBUG] cheese - null
[2021-03-08T10:19:33.356] [DEBUG] cheese - login => username:asdf1,password:asdf1
[2021-03-08T10:19:33.356] [DEBUG] cheese - asdf1
[2021-03-08T10:19:33.358] [DEBUG] cheese - null
[2021-03-08T10:19:33.358] [DEBUG] cheese - null
[2021-03-08T10:19:39.670] [DEBUG] cheese - login => username:asdf1,password:123123
[2021-03-08T10:19:39.670] [DEBUG] cheese - asdf1
[2021-03-08T10:19:39.672] [DEBUG] cheese - null
[2021-03-08T10:19:39.673] [DEBUG] cheese - null
[2021-03-08T10:19:52.451] [DEBUG] cheese - login => username:asdf1,password:12345678
[2021-03-08T10:19:52.451] [DEBUG] cheese - asdf1
[2021-03-08T10:19:52.453] [DEBUG] cheese - null
[2021-03-08T10:19:52.453] [DEBUG] cheese - null
[2021-03-08T10:20:49.616] [DEBUG] cheese - login => username:asdf1,password:123456
[2021-03-08T10:20:49.616] [DEBUG] cheese - asdf1
[2021-03-08T10:20:49.618] [DEBUG] cheese - null
[2021-03-08T10:20:49.618] [DEBUG] cheese - null
[2021-03-08T16:21:37.400] [DEBUG] cheese - login => username:asdf1,password:123456
[2021-03-08T16:21:37.400] [DEBUG] cheese - asdf1
[2021-03-08T16:21:37.408] [DEBUG] cheese - null
[2021-03-08T16:22:38.954] [DEBUG] cheese - login => username:admin,password:123456
[2021-03-08T16:22:38.957] [DEBUG] cheese - admin
[2021-03-08T16:22:38.969] [DEBUG] cheese - null
[2021-03-08T16:22:38.970] [DEBUG] cheese - null
[2021-03-08T16:26:47.310] [DEBUG] cheese - login => username:admin,password:123456
[2021-03-08T16:26:47.310] [DEBUG] cheese - admin
[2021-03-08T16:26:47.313] [DEBUG] cheese - null
[2021-03-08T16:26:47.313] [DEBUG] cheese - null
[2021-03-08T16:30:54.854] [DEBUG] cheese - login => username:admin,password:123456
[2021-03-08T16:30:54.856] [DEBUG] cheese - admin
[2021-03-08T16:32:02.651] [DEBUG] cheese - login => username:admin,password:123456
[2021-03-08T16:32:02.651] [DEBUG] cheese - admin
[2021-03-08T16:32:02.658] [DEBUG] cheese - null
[2021-03-08T16:32:02.658] [DEBUG] cheese - null
[2021-03-08T16:32:02.745] [DEBUG] cheese - null
[2021-03-08T16:32:02.745] [DEBUG] cheese - null
[2021-03-08T16:33:45.298] [DEBUG] cheese - login => username:admin,password:123456
[2021-03-08T16:33:45.300] [DEBUG] cheese - admin
[2021-03-08T16:33:45.309] [DEBUG] cheese - null
[2021-03-08T16:33:45.310] [DEBUG] cheese - null
[2021-03-08T16:33:55.086] [DEBUG] cheese - login => username:admin1,password:123456
[2021-03-08T16:33:55.086] [DEBUG] cheese - admin1
[2021-03-08T16:33:55.087] [DEBUG] cheese - null
[2021-03-08T16:33:55.088] [DEBUG] cheese - null
[2021-03-08T16:34:01.597] [DEBUG] cheese - login => username:root,password:123456
[2021-03-08T16:34:01.597] [DEBUG] cheese - root
[2021-03-08T16:34:01.599] [DEBUG] cheese - null
[2021-03-08T16:34:01.599] [DEBUG] cheese - null
[2021-03-08T16:34:02.224] [DEBUG] cheese - login => username:root,password:123456
[2021-03-08T16:34:02.225] [DEBUG] cheese - root
[2021-03-08T16:34:02.226] [DEBUG] cheese - null
[2021-03-08T16:34:02.226] [DEBUG] cheese - null
[2021-03-08T16:34:02.774] [DEBUG] cheese - login => username:root,password:123456
[2021-03-08T16:34:02.774] [DEBUG] cheese - root
[2021-03-08T16:34:02.775] [DEBUG] cheese - null
[2021-03-08T16:34:02.775] [DEBUG] cheese - null
[2021-03-08T16:34:15.697] [DEBUG] cheese - login => username:admin,password:123456
[2021-03-08T16:34:15.697] [DEBUG] cheese - admin
[2021-03-08T16:34:15.700] [DEBUG] cheese - null
[2021-03-08T16:34:15.700] [DEBUG] cheese - null
[2021-03-08T17:42:43.300] [DEBUG] cheese - login => username:admin,password:123456
[2021-03-08T17:42:43.301] [DEBUG] cheese - admin
[2021-03-08T17:42:43.309] [DEBUG] cheese - null
[2021-03-08T17:42:43.309] [DEBUG] cheese - null
[2021-03-08T17:42:53.638] [DEBUG] cheese - login => username:admin,password:123456
[2021-03-08T17:42:53.638] [DEBUG] cheese - admin
[2021-03-08T17:42:53.640] [DEBUG] cheese - null
[2021-03-08T17:42:53.640] [DEBUG] cheese - null
[2021-03-08T17:43:48.223] [DEBUG] cheese - login => username:admin,password:123456
[2021-03-08T17:43:48.223] [DEBUG] cheese - admin
[2021-03-08T17:46:14.377] [DEBUG] cheese - login => username:admin,password:123456
[2021-03-08T17:46:14.377] [DEBUG] cheese - admin
[2021-03-08T17:46:14.384] [DEBUG] cheese - null
[2021-03-08T17:46:14.385] [DEBUG] cheese - null
[2021-03-08T17:46:14.453] [DEBUG] cheese - null
[2021-03-08T17:46:14.453] [DEBUG] cheese - null
[2021-03-08T17:46:26.442] [DEBUG] cheese - login => username:admin,password:123456
[2021-03-08T17:46:26.444] [DEBUG] cheese - admin
[2021-03-08T17:46:26.454] [DEBUG] cheese - null
[2021-03-08T17:46:26.454] [DEBUG] cheese - null
[2021-03-08T17:46:39.400] [DEBUG] cheese - login => username:admin,password:123456
[2021-03-08T17:46:39.401] [DEBUG] cheese - admin
[2021-03-08T17:46:39.403] [DEBUG] cheese - null
[2021-03-08T17:46:39.403] [DEBUG] cheese - null
[2021-03-08T17:48:55.153] [DEBUG] cheese - login => username:admin,password:123456
[2021-03-08T17:48:55.153] [DEBUG] cheese - admin
[2021-03-08T17:48:55.156] [DEBUG] cheese - null
[2021-03-08T17:48:55.156] [DEBUG] cheese - null
[2021-03-08T17:50:16.918] [DEBUG] cheese - login => username:admin,password:123456
[2021-03-08T17:50:16.919] [DEBUG] cheese - admin
[2021-03-08T17:50:16.923] [DEBUG] cheese - null
[2021-03-08T17:50:16.924] [DEBUG] cheese - null
[2021-03-08T17:50:44.687] [DEBUG] cheese - login => username:admin,password:123456
[2021-03-08T17:50:44.687] [DEBUG] cheese - admin
[2021-03-08T17:50:44.689] [DEBUG] cheese - null
[2021-03-08T17:50:44.689] [DEBUG] cheese - null
[2021-03-08T17:52:28.338] [DEBUG] cheese - login => username:admin,password:123456
[2021-03-08T17:52:28.338] [DEBUG] cheese - admin
[2021-03-08T17:52:28.339] [DEBUG] cheese - null
[2021-03-08T17:52:28.340] [DEBUG] cheese - null
[2021-03-08T17:52:47.948] [DEBUG] cheese - login => username:admin1,password:1234561
[2021-03-08T17:52:47.948] [DEBUG] cheese - admin1
[2021-03-08T17:52:47.950] [DEBUG] cheese - null
[2021-03-08T17:52:47.950] [DEBUG] cheese - null
[2021-03-08T17:52:51.277] [DEBUG] cheese - login => username:admin,password:1234561
[2021-03-08T17:52:51.277] [DEBUG] cheese - admin
[2021-03-08T17:52:51.279] [DEBUG] cheese - null
[2021-03-08T17:52:51.279] [DEBUG] cheese - null
[2021-03-08T17:53:08.713] [DEBUG] cheese - login => username:admin,password:123456
[2021-03-08T17:53:08.713] [DEBUG] cheese - admin
[2021-03-08T17:53:08.714] [DEBUG] cheese - null
[2021-03-08T17:53:08.714] [DEBUG] cheese - null
[2021-03-08T17:56:42.862] [DEBUG] cheese - login => username:admin,password:123456
[2021-03-08T17:56:42.862] [DEBUG] cheese - admin
[2021-03-08T17:56:42.864] [DEBUG] cheese - null
[2021-03-08T17:56:42.864] [DEBUG] cheese - null
[2021-03-08T17:58:34.634] [DEBUG] cheese - login => username:admin,password:123456
[2021-03-08T17:58:34.634] [DEBUG] cheese - admin
[2021-03-08T17:58:34.635] [DEBUG] cheese - null
[2021-03-08T17:58:34.635] [DEBUG] cheese - null
[2021-03-08T17:59:36.211] [DEBUG] cheese - login => username:admin,password:123456
[2021-03-08T17:59:36.211] [DEBUG] cheese - admin
[2021-03-08T17:59:36.212] [DEBUG] cheese - null
[2021-03-08T17:59:36.212] [DEBUG] cheese - null
[2021-03-08T17:59:37.364] [DEBUG] cheese - login => username:admin,password:123456
[2021-03-08T17:59:37.364] [DEBUG] cheese - admin
[2021-03-08T17:59:37.366] [DEBUG] cheese - null
[2021-03-08T17:59:37.366] [DEBUG] cheese - null
[2021-03-08T17:59:38.053] [DEBUG] cheese - login => username:admin,password:123456
[2021-03-08T17:59:38.053] [DEBUG] cheese - admin
[2021-03-08T17:59:38.055] [DEBUG] cheese - null
[2021-03-08T17:59:38.055] [DEBUG] cheese - null
[2021-03-08T17:59:38.581] [DEBUG] cheese - login => username:admin,password:123456
[2021-03-08T17:59:38.581] [DEBUG] cheese - admin
[2021-03-08T17:59:38.583] [DEBUG] cheese - null
[2021-03-08T17:59:38.583] [DEBUG] cheese - null
[2021-03-08T17:59:38.988] [DEBUG] cheese - login => username:admin,password:123456
[2021-03-08T17:59:38.988] [DEBUG] cheese - admin
[2021-03-08T17:59:38.990] [DEBUG] cheese - null
[2021-03-08T17:59:38.990] [DEBUG] cheese - null
[2021-03-08T17:59:39.469] [DEBUG] cheese - login => username:admin,password:123456
[2021-03-08T17:59:39.470] [DEBUG] cheese - admin
[2021-03-08T17:59:39.471] [DEBUG] cheese - null
[2021-03-08T17:59:39.471] [DEBUG] cheese - null
[2021-03-08T18:00:05.592] [DEBUG] cheese - login => username:admin,password:123456
[2021-03-08T18:00:05.592] [DEBUG] cheese - admin
[2021-03-08T18:00:05.594] [DEBUG] cheese - null
[2021-03-08T18:00:05.594] [DEBUG] cheese - null
[2021-03-08T18:00:06.764] [DEBUG] cheese - login => username:admin,password:123456
[2021-03-08T18:00:06.764] [DEBUG] cheese - admin
[2021-03-08T18:00:06.766] [DEBUG] cheese - null
[2021-03-08T18:00:06.766] [DEBUG] cheese - null
[2021-03-08T18:00:28.140] [DEBUG] cheese - login => username:admin,password:123456
[2021-03-08T18:00:28.140] [DEBUG] cheese - admin
[2021-03-08T18:00:28.141] [DEBUG] cheese - null
[2021-03-08T18:00:28.142] [DEBUG] cheese - null
[2021-03-08T18:04:58.779] [DEBUG] cheese - login => username:admin,password:123456
[2021-03-08T18:04:58.779] [DEBUG] cheese - admin
[2021-03-08T18:04:58.781] [DEBUG] cheese - null
[2021-03-08T18:04:58.781] [DEBUG] cheese - null
[2021-03-08T20:36:45.066] [DEBUG] cheese - login => username:admin,password:123456
[2021-03-08T20:36:45.067] [DEBUG] cheese - admin
[2021-03-08T20:36:45.076] [DEBUG] cheese - null
[2021-03-08T20:36:45.077] [DEBUG] cheese - null
[2021-03-08T20:36:47.235] [DEBUG] cheese - login => username:admin,password:123456
[2021-03-08T20:36:47.236] [DEBUG] cheese - admin
[2021-03-08T20:36:47.238] [DEBUG] cheese - null
[2021-03-08T20:36:47.238] [DEBUG] cheese - null
[2021-03-08T20:40:51.547] [DEBUG] cheese - login => username:admin,password:123456
[2021-03-08T20:40:51.547] [DEBUG] cheese - admin
[2021-03-08T20:40:51.550] [DEBUG] cheese - null
[2021-03-08T20:40:51.550] [DEBUG] cheese - null
[2021-03-08T20:54:52.365] [DEBUG] cheese - login => username:admin,password:123456
[2021-03-08T20:54:52.365] [DEBUG] cheese - admin
[2021-03-08T20:54:52.367] [DEBUG] cheese - null
[2021-03-08T20:54:52.368] [DEBUG] cheese - null
[2021-03-08T20:56:09.921] [DEBUG] cheese - login => username:admin,password:123456
[2021-03-08T20:56:09.922] [DEBUG] cheese - admin
[2021-03-08T20:56:09.923] [DEBUG] cheese - null
[2021-03-08T20:56:09.923] [DEBUG] cheese - null
[2021-03-08T20:58:06.355] [DEBUG] cheese - login => username:a,password:a
[2021-03-08T20:58:06.355] [DEBUG] cheese - a
[2021-03-08T20:58:06.356] [DEBUG] cheese - null
[2021-03-08T20:58:06.356] [DEBUG] cheese - null
[2021-03-08T20:58:11.494] [DEBUG] cheese - login => username:admin,password:123
[2021-03-08T20:58:11.495] [DEBUG] cheese - admin
[2021-03-08T20:58:11.496] [DEBUG] cheese - null
[2021-03-08T20:58:11.496] [DEBUG] cheese - null
[2021-03-08T20:58:14.363] [DEBUG] cheese - login => username:admin,password:123456
[2021-03-08T20:58:14.363] [DEBUG] cheese - admin
[2021-03-08T20:58:14.365] [DEBUG] cheese - null
[2021-03-08T20:58:14.365] [DEBUG] cheese - null
[2021-03-08T20:59:28.672] [DEBUG] cheese - login => username:admin,password:123456
[2021-03-08T20:59:28.672] [DEBUG] cheese - admin
[2021-03-08T20:59:28.673] [DEBUG] cheese - null
[2021-03-08T20:59:28.673] [DEBUG] cheese - null
[2021-03-08T21:09:57.702] [DEBUG] cheese - login => username:admin,password:123456
[2021-03-08T21:09:57.702] [DEBUG] cheese - admin
[2021-03-08T21:09:57.704] [DEBUG] cheese - null
[2021-03-08T21:09:57.704] [DEBUG] cheese - null
[2021-03-08T21:11:54.364] [DEBUG] cheese - login => username:admin,password:123456
[2021-03-08T21:11:54.364] [DEBUG] cheese - admin
[2021-03-08T21:11:54.366] [DEBUG] cheese - null
[2021-03-08T21:11:54.366] [DEBUG] cheese - null
[2021-03-08T21:13:12.698] [DEBUG] cheese - login => username:admin,password:123456
[2021-03-08T21:13:12.698] [DEBUG] cheese - admin
[2021-03-08T21:13:12.700] [DEBUG] cheese - null
[2021-03-08T21:13:12.700] [DEBUG] cheese - null
[2021-03-08T21:16:11.939] [DEBUG] cheese - login => username:admin,password:123456
[2021-03-08T21:16:11.939] [DEBUG] cheese - admin
[2021-03-08T21:16:11.941] [DEBUG] cheese - null
[2021-03-08T21:16:11.941] [DEBUG] cheese - null
[2021-03-08T21:26:38.828] [DEBUG] cheese - login => username:admin,password:123456
[2021-03-08T21:26:38.828] [DEBUG] cheese - admin
[2021-03-08T21:26:38.830] [DEBUG] cheese - null
[2021-03-08T21:26:38.830] [DEBUG] cheese - null
[2021-03-08T21:34:32.009] [DEBUG] cheese - login => username:admin,password:123456
[2021-03-08T21:34:32.009] [DEBUG] cheese - admin
[2021-03-08T21:34:32.011] [DEBUG] cheese - null
[2021-03-08T21:34:32.011] [DEBUG] cheese - null
[2021-03-08T21:34:36.274] [DEBUG] cheese - login => username:admin,password:123456
[2021-03-08T21:34:36.274] [DEBUG] cheese - admin
[2021-03-08T21:34:36.276] [DEBUG] cheese - null
[2021-03-08T21:34:36.276] [DEBUG] cheese - null
[2021-03-09T09:26:43.133] [DEBUG] cheese - login => username:admin,password:123456
[2021-03-09T09:26:43.134] [DEBUG] cheese - admin
[2021-03-09T09:26:43.144] [DEBUG] cheese - null
[2021-03-09T09:26:43.144] [DEBUG] cheese - null
[2021-03-09T12:58:29.621] [DEBUG] cheese - login => username:admin,password:123456
[2021-03-09T12:58:29.621] [DEBUG] cheese - admin
[2021-03-09T12:58:29.623] [DEBUG] cheese - null
[2021-03-09T12:58:29.624] [DEBUG] cheese - null
[2021-03-09T14:13:19.468] [DEBUG] cheese - login => username:admin,password:123456
[2021-03-09T14:13:19.468] [DEBUG] cheese - admin
[2021-03-09T14:13:19.471] [DEBUG] cheese - null
[2021-03-09T14:13:19.472] [DEBUG] cheese - null
[2021-03-09T14:23:05.803] [DEBUG] cheese - login => username:admin,password:123456
[2021-03-09T14:23:05.803] [DEBUG] cheese - admin
[2021-03-09T14:23:05.804] [DEBUG] cheese - null
[2021-03-09T14:23:05.804] [DEBUG] cheese - null
[2021-03-09T14:52:37.395] [DEBUG] cheese - login => username:admin,password:123456
[2021-03-09T14:52:37.395] [DEBUG] cheese - admin
[2021-03-09T14:52:37.397] [DEBUG] cheese - null
[2021-03-09T14:52:37.397] [DEBUG] cheese - null
[2021-03-09T16:03:48.063] [DEBUG] cheese - login => username:admin,password:123456
[2021-03-09T16:03:48.063] [DEBUG] cheese - admin
[2021-03-09T16:03:48.067] [DEBUG] cheese - null
[2021-03-09T16:03:48.067] [DEBUG] cheese - null
[2021-03-09T21:01:16.149] [DEBUG] cheese - login => username:admin,password:123456
[2021-03-09T21:01:16.150] [DEBUG] cheese - admin
[2021-03-09T21:01:16.435] [DEBUG] cheese - null
[2021-03-09T21:01:16.436] [DEBUG] cheese - null
[2021-03-10T13:06:52.733] [DEBUG] cheese - login => username:admin,password:123456
[2021-03-10T13:06:52.735] [DEBUG] cheese - admin
[2021-03-10T13:06:52.755] [DEBUG] cheese - null
[2021-03-10T13:06:52.755] [DEBUG] cheese - null
[2021-03-10T13:27:58.885] [DEBUG] cheese - login => username:admin,password:123456
[2021-03-10T13:27:58.885] [DEBUG] cheese - admin
[2021-03-10T13:27:58.887] [DEBUG] cheese - null
[2021-03-10T13:27:58.888] [DEBUG] cheese - null
[2021-03-10T13:38:08.324] [DEBUG] cheese - login => username:admin,password:123456
[2021-03-10T13:38:08.325] [DEBUG] cheese - admin
[2021-03-10T13:38:08.326] [DEBUG] cheese - null
[2021-03-10T13:38:08.326] [DEBUG] cheese - null
[2021-03-10T13:41:21.221] [DEBUG] cheese - login => username:admin,password:123456
[2021-03-10T13:41:21.221] [DEBUG] cheese - admin
[2021-03-10T13:41:21.222] [DEBUG] cheese - null
[2021-03-10T13:41:21.222] [DEBUG] cheese - null
[2021-03-10T14:30:35.542] [DEBUG] cheese - login => username:admin,password:123456
[2021-03-10T14:30:35.542] [DEBUG] cheese - admin
[2021-03-10T14:30:35.544] [DEBUG] cheese - null
[2021-03-10T14:30:35.544] [DEBUG] cheese - null
[2021-03-10T20:24:39.047] [DEBUG] cheese - login => username:admin,password:123456
[2021-03-10T20:24:39.048] [DEBUG] cheese - admin
[2021-03-10T20:24:39.049] [DEBUG] cheese - null
[2021-03-10T20:24:39.050] [DEBUG] cheese - null
[2021-03-10T20:46:08.785] [DEBUG] cheese - login => username:admin,password:123456
[2021-03-10T20:46:08.785] [DEBUG] cheese - admin
[2021-03-10T20:46:08.786] [DEBUG] cheese - null
[2021-03-10T20:46:08.786] [DEBUG] cheese - null
[2021-03-11T10:09:19.999] [DEBUG] cheese - login => username:admin,password:123456
[2021-03-11T10:09:20.000] [DEBUG] cheese - admin
[2021-03-11T10:09:20.027] [DEBUG] cheese - null
[2021-03-11T10:09:20.027] [DEBUG] cheese - null
[2021-03-11T19:54:01.468] [DEBUG] cheese - login => username:admin,password:123456
[2021-03-11T19:54:01.468] [DEBUG] cheese - admin
[2021-03-11T19:54:36.006] [DEBUG] cheese - login => username:admin,password:123456
[2021-03-11T19:54:36.007] [DEBUG] cheese - admin
[2021-03-11T19:54:36.008] [DEBUG] cheese - login => username:admin,password:123456
[2021-03-11T19:54:36.008] [DEBUG] cheese - admin
[2021-03-11T19:54:36.010] [DEBUG] cheese - login => username:admin,password:123456
[2021-03-11T19:54:36.010] [DEBUG] cheese - admin
[2021-03-11T19:54:36.012] [DEBUG] cheese - login => username:admin,password:123456
[2021-03-11T19:54:36.012] [DEBUG] cheese - admin
[2021-03-11T19:54:36.015] [DEBUG] cheese - null
[2021-03-11T19:54:36.015] [DEBUG] cheese - null
[2021-03-11T19:54:36.082] [DEBUG] cheese - null
[2021-03-11T19:54:36.082] [DEBUG] cheese - null
[2021-03-11T19:54:36.151] [DEBUG] cheese - null
[2021-03-11T19:54:36.152] [DEBUG] cheese - null
[2021-03-11T19:54:36.219] [DEBUG] cheese - null
[2021-03-11T19:54:36.219] [DEBUG] cheese - null
[2021-03-11T19:54:36.286] [DEBUG] cheese - null
[2021-03-11T19:54:36.286] [DEBUG] cheese - null
[2021-03-11T19:54:36.355] [DEBUG] cheese - login => username:admin,password:123456
[2021-03-11T19:54:36.355] [DEBUG] cheese - admin
[2021-03-11T19:54:36.357] [DEBUG] cheese - login => username:admin,password:123456
[2021-03-11T19:54:36.357] [DEBUG] cheese - admin
[2021-03-11T19:54:36.358] [DEBUG] cheese - login => username:admin,password:123456
[2021-03-11T19:54:36.358] [DEBUG] cheese - admin
[2021-03-11T19:54:36.365] [DEBUG] cheese - login => username:admin,password:123456
[2021-03-11T19:54:36.365] [DEBUG] cheese - admin
[2021-03-11T19:54:36.366] [DEBUG] cheese - login => username:admin,password:123456
[2021-03-11T19:54:36.366] [DEBUG] cheese - admin
[2021-03-11T19:54:36.367] [DEBUG] cheese - login => username:admin,password:123456
[2021-03-11T19:54:36.367] [DEBUG] cheese - admin
[2021-03-11T19:54:36.371] [DEBUG] cheese - null
[2021-03-11T19:54:36.371] [DEBUG] cheese - null
[2021-03-11T19:54:36.438] [DEBUG] cheese - null
[2021-03-11T19:54:36.438] [DEBUG] cheese - null
[2021-03-11T19:54:36.505] [DEBUG] cheese - null
[2021-03-11T19:54:36.505] [DEBUG] cheese - null
[2021-03-11T19:54:36.572] [DEBUG] cheese - null
[2021-03-11T19:54:36.573] [DEBUG] cheese - null
[2021-03-11T19:54:36.640] [DEBUG] cheese - null
[2021-03-11T19:54:36.640] [DEBUG] cheese - null
[2021-03-11T19:54:36.707] [DEBUG] cheese - login => username:admin,password:123456
[2021-03-11T19:54:36.707] [DEBUG] cheese - admin
[2021-03-11T19:54:36.708] [DEBUG] cheese - login => username:admin,password:123456
[2021-03-11T19:54:36.708] [DEBUG] cheese - admin
[2021-03-11T19:54:36.709] [DEBUG] cheese - login => username:admin,password:123456
[2021-03-11T19:54:36.710] [DEBUG] cheese - admin
[2021-03-11T19:54:36.716] [DEBUG] cheese - null
[2021-03-11T19:54:36.716] [DEBUG] cheese - null
[2021-03-11T19:54:36.783] [DEBUG] cheese - null
[2021-03-11T19:54:36.783] [DEBUG] cheese - null
[2021-03-11T19:54:36.849] [DEBUG] cheese - null
[2021-03-11T19:54:36.850] [DEBUG] cheese - null
[2021-03-11T19:54:36.916] [DEBUG] cheese - null
[2021-03-11T19:54:36.916] [DEBUG] cheese - null
[2021-03-11T19:54:45.227] [DEBUG] cheese - login => username:admin,password:123456
[2021-03-11T19:54:45.228] [DEBUG] cheese - admin
[2021-03-11T19:54:45.237] [DEBUG] cheese - null
[2021-03-11T19:54:45.237] [DEBUG] cheese - null
[2021-03-11T20:15:23.004] [DEBUG] cheese - login => username:admin,password:123456
[2021-03-11T20:15:23.004] [DEBUG] cheese - admin
[2021-03-11T20:15:23.007] [DEBUG] cheese - null
[2021-03-11T20:15:23.007] [DEBUG] cheese - null
[2021-03-12T09:29:53.126] [DEBUG] cheese - login => username:admin,password:123456
[2021-03-12T09:29:53.127] [DEBUG] cheese - admin
[2021-03-12T09:29:53.152] [DEBUG] cheese - null
[2021-03-12T09:29:53.153] [DEBUG] cheese - null
[2021-03-12T09:39:13.315] [DEBUG] cheese - login => username:admin,password:123456
[2021-03-12T09:39:13.315] [DEBUG] cheese - admin
[2021-03-12T09:39:13.317] [DEBUG] cheese - null
[2021-03-12T09:39:13.317] [DEBUG] cheese - null
[2021-03-12T10:01:28.186] [DEBUG] cheese - login => username:admin,password:123456
[2021-03-12T10:01:28.186] [DEBUG] cheese - admin
[2021-03-12T10:01:28.188] [DEBUG] cheese - null
[2021-03-12T10:01:28.189] [DEBUG] cheese - null
[2021-03-12T15:59:52.183] [DEBUG] cheese - login => username:admin,password:123456
[2021-03-12T15:59:52.183] [DEBUG] cheese - admin
[2021-03-12T15:59:52.185] [DEBUG] cheese - null
[2021-03-12T15:59:52.186] [DEBUG] cheese - null
[2021-03-12T16:09:46.441] [DEBUG] cheese - login => username:admin,password:123456
[2021-03-12T16:09:46.441] [DEBUG] cheese - admin
[2021-03-12T16:09:46.442] [DEBUG] cheese - null
[2021-03-12T16:09:46.442] [DEBUG] cheese - null
[2021-03-15T09:15:25.142] [DEBUG] cheese - login => username:admin,password:123456
[2021-03-15T09:15:25.143] [DEBUG] cheese - admin
[2021-03-15T09:15:25.151] [DEBUG] cheese - null
[2021-03-15T09:15:25.151] [DEBUG] cheese - null
[2021-03-15T10:02:35.014] [DEBUG] cheese - null
[2021-03-15T10:04:25.988] [DEBUG] cheese - null
[2021-03-15T10:05:00.333] [DEBUG] cheese - null
[2021-03-15T10:05:10.877] [DEBUG] cheese - null
[2021-03-15T10:10:39.813] [DEBUG] cheese - null
[2021-03-15T10:10:56.061] [DEBUG] cheese - null
[2021-03-15T10:11:23.205] [DEBUG] cheese - login => username:admin,password:123456
[2021-03-15T10:11:23.206] [DEBUG] cheese - admin
[2021-03-15T10:11:23.208] [DEBUG] cheese - null
[2021-03-15T10:11:23.208] [DEBUG] cheese - null
[2021-03-15T10:12:21.956] [DEBUG] cheese - null
[2021-03-15T10:13:06.540] [DEBUG] cheese - null
[2021-03-15T10:13:09.180] [DEBUG] cheese - null
[2021-03-15T20:37:19.487] [DEBUG] cheese - login => username:admin,password:123456
[2021-03-15T20:37:19.489] [DEBUG] cheese - admin
[2021-03-15T20:37:19.491] [DEBUG] cheese - null
[2021-03-15T20:37:19.491] [DEBUG] cheese - null
[2021-03-15T21:11:01.760] [DEBUG] cheese - login => username:admin,password:123456
[2021-03-15T21:11:01.760] [DEBUG] cheese - admin
[2021-03-15T21:11:01.762] [DEBUG] cheese - null
[2021-03-15T21:11:01.762] [DEBUG] cheese - null
[2021-03-16T09:21:52.696] [DEBUG] cheese - login => username:admin,password:123456
[2021-03-16T09:21:52.697] [DEBUG] cheese - admin
[2021-03-16T09:21:52.719] [DEBUG] cheese - null
[2021-03-16T09:21:52.719] [DEBUG] cheese - null
[2021-03-16T16:42:14.384] [DEBUG] cheese - login => username:admin,password:123456
[2021-03-16T16:42:14.385] [DEBUG] cheese - admin
[2021-03-16T16:42:14.388] [DEBUG] cheese - null
[2021-03-16T16:42:14.388] [DEBUG] cheese - null
[2021-03-16T16:42:17.986] [DEBUG] cheese - login => username:admin,password:123456
[2021-03-16T16:42:17.986] [DEBUG] cheese - admin
[2021-03-16T16:42:17.987] [DEBUG] cheese - null
[2021-03-16T16:42:17.987] [DEBUG] cheese - null
[2021-03-16T16:42:44.003] [DEBUG] cheese - login => username:admin,password:123456
[2021-03-16T16:42:44.003] [DEBUG] cheese - admin
[2021-03-16T16:42:44.004] [DEBUG] cheese - null
[2021-03-16T16:42:44.004] [DEBUG] cheese - null
[2021-03-16T16:42:44.818] [DEBUG] cheese - login => username:admin,password:123456
[2021-03-16T16:42:44.818] [DEBUG] cheese - admin
[2021-03-16T16:42:44.819] [DEBUG] cheese - null
[2021-03-16T16:42:44.819] [DEBUG] cheese - null
[2021-03-16T16:42:45.329] [DEBUG] cheese - login => username:admin,password:123456
[2021-03-16T16:42:45.329] [DEBUG] cheese - admin
[2021-03-16T16:42:45.331] [DEBUG] cheese - null
[2021-03-16T16:42:45.331] [DEBUG] cheese - null
[2021-03-16T16:42:45.488] [DEBUG] cheese - login => username:admin,password:123456
[2021-03-16T16:42:45.489] [DEBUG] cheese - admin
[2021-03-16T16:42:45.490] [DEBUG] cheese - null
[2021-03-16T16:42:45.490] [DEBUG] cheese - null
[2021-03-16T16:42:45.657] [DEBUG] cheese - login => username:admin,password:123456
[2021-03-16T16:42:45.657] [DEBUG] cheese - admin
[2021-03-16T16:42:45.658] [DEBUG] cheese - null
[2021-03-16T16:42:45.658] [DEBUG] cheese - null
[2021-03-16T16:42:45.817] [DEBUG] cheese - login => username:admin,password:123456
[2021-03-16T16:42:45.817] [DEBUG] cheese - admin
[2021-03-16T16:42:45.818] [DEBUG] cheese - null
[2021-03-16T16:42:45.819] [DEBUG] cheese - null
[2021-03-16T16:42:45.970] [DEBUG] cheese - login => username:admin,password:123456
[2021-03-16T16:42:45.970] [DEBUG] cheese - admin
[2021-03-16T16:42:45.971] [DEBUG] cheese - null
[2021-03-16T16:42:45.971] [DEBUG] cheese - null
[2021-03-16T16:42:46.121] [DEBUG] cheese - login => username:admin,password:123456
[2021-03-16T16:42:46.121] [DEBUG] cheese - admin
[2021-03-16T16:42:46.122] [DEBUG] cheese - null
[2021-03-16T16:42:46.122] [DEBUG] cheese - null
[2021-03-16T16:42:46.281] [DEBUG] cheese - login => username:admin,password:123456
[2021-03-16T16:42:46.281] [DEBUG] cheese - admin
[2021-03-16T16:42:46.282] [DEBUG] cheese - null
[2021-03-16T16:42:46.282] [DEBUG] cheese - null
[2021-03-16T16:46:45.673] [DEBUG] cheese - login => username:admin,password:123456
[2021-03-16T16:46:45.675] [DEBUG] cheese - admin
[2021-03-16T16:46:45.677] [DEBUG] cheese - null
[2021-03-16T16:46:45.678] [DEBUG] cheese - null
[2021-03-16T16:58:22.212] [DEBUG] cheese - login => username:admin,password:123456
[2021-03-16T16:58:22.213] [DEBUG] cheese - admin
[2021-03-16T16:58:22.216] [DEBUG] cheese - null
[2021-03-16T16:58:22.216] [DEBUG] cheese - null
[2021-03-16T17:06:37.545] [DEBUG] cheese - login => username:admin,password:123456
[2021-03-16T17:06:37.546] [DEBUG] cheese - admin
[2021-03-16T17:06:37.548] [DEBUG] cheese - null
[2021-03-16T17:06:37.549] [DEBUG] cheese - null
[2021-03-19T09:57:41.416] [DEBUG] cheese - login => username:admin,password:123456
[2021-03-19T09:57:41.418] [DEBUG] cheese - admin
[2021-03-19T09:57:41.439] [DEBUG] cheese - null
[2021-03-19T09:57:41.439] [DEBUG] cheese - null
[2021-03-19T09:58:16.809] [DEBUG] cheese - login => username:admin,password:123456
[2021-03-19T09:58:16.809] [DEBUG] cheese - admin
[2021-03-19T09:58:16.811] [DEBUG] cheese - null
[2021-03-19T09:58:16.811] [DEBUG] cheese - null
[2021-03-19T10:54:21.257] [DEBUG] cheese - login => username:admin,password:123456
[2021-03-19T10:54:21.257] [DEBUG] cheese - admin
[2021-03-19T10:54:21.258] [DEBUG] cheese - null
[2021-03-19T10:54:21.258] [DEBUG] cheese - null
[2021-03-22T09:00:52.664] [DEBUG] cheese - login => username:admin,password:123456
[2021-03-22T09:00:52.665] [DEBUG] cheese - admin
[2021-03-22T09:00:52.674] [DEBUG] cheese - null
[2021-03-22T09:00:52.675] [DEBUG] cheese - null
[2021-03-23T09:05:49.490] [DEBUG] cheese - login => username:admin,password:123456
[2021-03-23T09:05:49.491] [DEBUG] cheese - admin
[2021-03-23T09:05:49.518] [DEBUG] cheese - null
[2021-03-23T09:05:49.519] [DEBUG] cheese - null
[2021-03-23T10:34:07.537] [DEBUG] cheese - login => username:admin,password:123456
[2021-03-23T10:34:07.538] [DEBUG] cheese - admin
[2021-03-23T10:34:07.541] [DEBUG] cheese - { inspect: [Function: inspect] }
[2021-03-23T10:34:07.541] [DEBUG] cheese - 查询失败
[2021-03-23T10:34:08.212] [DEBUG] cheese - login => username:admin,password:123456
[2021-03-23T10:34:08.212] [DEBUG] cheese - admin
[2021-03-23T10:34:08.214] [DEBUG] cheese - { inspect: [Function: inspect] }
[2021-03-23T10:34:08.214] [DEBUG] cheese - 查询失败
[2021-03-23T10:34:08.363] [DEBUG] cheese - login => username:admin,password:123456
[2021-03-23T10:34:08.364] [DEBUG] cheese - admin
[2021-03-23T10:34:08.366] [DEBUG] cheese - { inspect: [Function: inspect] }
[2021-03-23T10:34:08.366] [DEBUG] cheese - 查询失败
[2021-03-23T10:34:14.941] [DEBUG] cheese - login => username:admin,password:123456
[2021-03-23T10:34:14.942] [DEBUG] cheese - admin
[2021-03-23T10:34:14.943] [DEBUG] cheese - { inspect: [Function: inspect] }
[2021-03-23T10:34:14.943] [DEBUG] cheese - 查询失败
[2021-03-23T10:34:16.476] [DEBUG] cheese - login => username:admin,password:123456
[2021-03-23T10:34:16.476] [DEBUG] cheese - admin
[2021-03-23T10:34:16.478] [DEBUG] cheese - { inspect: [Function: inspect] }
[2021-03-23T10:34:16.478] [DEBUG] cheese - 查询失败
[2021-03-23T10:34:53.445] [DEBUG] cheese - login => username:admin,password:123456
[2021-03-23T10:34:53.445] [DEBUG] cheese - admin
[2021-03-23T10:35:01.019] [DEBUG] cheese - login => username:admin,password:123456
[2021-03-23T10:35:01.019] [DEBUG] cheese - admin
[2021-03-23T10:35:01.021] [DEBUG] cheese - login => username:admin,password:123456
[2021-03-23T10:35:01.022] [DEBUG] cheese - admin
[2021-03-23T10:35:01.023] [DEBUG] cheese - login => username:admin,password:123456
[2021-03-23T10:35:01.023] [DEBUG] cheese - admin
[2021-03-23T10:35:01.024] [DEBUG] cheese - login => username:admin,password:123456
[2021-03-23T10:35:01.024] [DEBUG] cheese - admin
[2021-03-23T10:35:01.025] [DEBUG] cheese - login => username:admin,password:123456
[2021-03-23T10:35:01.025] [DEBUG] cheese - admin
[2021-03-23T10:35:01.028] [DEBUG] cheese - { inspect: [Function: inspect] }
[2021-03-23T10:35:01.028] [DEBUG] cheese - 查询失败
[2021-03-23T10:35:01.030] [DEBUG] cheese - login => username:admin,password:123456
[2021-03-23T10:35:01.030] [DEBUG] cheese - admin
[2021-03-23T10:35:01.031] [DEBUG] cheese - { inspect: [Function: inspect] }
[2021-03-23T10:35:01.031] [DEBUG] cheese - 查询失败
[2021-03-23T10:35:01.033] [DEBUG] cheese - { inspect: [Function: inspect] }
[2021-03-23T10:35:01.033] [DEBUG] cheese - 查询失败
[2021-03-23T10:35:01.033] [DEBUG] cheese - { inspect: [Function: inspect] }
[2021-03-23T10:35:01.033] [DEBUG] cheese - 查询失败
[2021-03-23T10:35:01.034] [DEBUG] cheese - { inspect: [Function: inspect] }
[2021-03-23T10:35:01.034] [DEBUG] cheese - 查询失败
[2021-03-23T10:35:01.034] [DEBUG] cheese - { inspect: [Function: inspect] }
[2021-03-23T10:35:01.034] [DEBUG] cheese - 查询失败
[2021-03-23T10:35:01.035] [DEBUG] cheese - { inspect: [Function: inspect] }
[2021-03-23T10:35:01.035] [DEBUG] cheese - 查询失败
[2021-03-23T10:35:07.035] [DEBUG] cheese - login => username:admin,password:123456
[2021-03-23T10:35:07.036] [DEBUG] cheese - admin
[2021-03-23T10:35:07.042] [DEBUG] cheese - { inspect: [Function: inspect] }
[2021-03-23T10:35:07.043] [DEBUG] cheese - 查询失败
[2021-03-23T10:37:07.410] [DEBUG] cheese - login => username:admin,password:123456
[2021-03-23T10:37:07.411] [DEBUG] cheese - admin
[2021-03-23T10:37:07.418] [DEBUG] cheese - null
[2021-03-23T10:37:07.418] [DEBUG] cheese - null
[2021-03-24T08:54:32.371] [DEBUG] cheese - login => username:admin,password:123456
[2021-03-24T08:54:32.372] [DEBUG] cheese - admin
[2021-03-24T08:54:32.380] [DEBUG] cheese - null
[2021-03-24T08:54:32.380] [DEBUG] cheese - null
[2021-03-24T09:33:26.636] [DEBUG] cheese - login => username:admin,password:123456
[2021-03-24T09:33:26.637] [DEBUG] cheese - admin
[2021-03-24T09:33:26.640] [DEBUG] cheese - null
[2021-03-24T09:33:26.641] [DEBUG] cheese - null
[2021-03-24T14:45:56.801] [DEBUG] cheese - login => username:admin,password:123456
[2021-03-24T14:45:56.802] [DEBUG] cheese - admin
[2021-03-24T14:45:56.805] [DEBUG] cheese - null
[2021-03-24T14:45:56.805] [DEBUG] cheese - null
[2021-03-24T20:09:01.524] [DEBUG] cheese - login => username:admin,password:123456
[2021-03-24T20:09:01.524] [DEBUG] cheese - admin
[2021-03-24T20:09:01.526] [DEBUG] cheese - null
[2021-03-24T20:09:01.526] [DEBUG] cheese - null
[2021-03-24T21:10:10.774] [DEBUG] cheese - login => username:admin,password:123456
[2021-03-24T21:10:10.775] [DEBUG] cheese - admin
[2021-03-24T21:10:10.778] [DEBUG] cheese - null
[2021-03-24T21:10:10.778] [DEBUG] cheese - null
[2021-03-26T09:13:56.539] [DEBUG] cheese - login => username:admin,password:123456
[2021-03-26T09:13:56.540] [DEBUG] cheese - admin
[2021-03-26T09:13:56.546] [DEBUG] cheese - null
[2021-03-26T09:13:56.546] [DEBUG] cheese - null
[2021-03-27T18:41:26.224] [DEBUG] cheese - login => username:admin,password:123456
[2021-03-27T18:41:26.225] [DEBUG] cheese - admin
[2021-03-27T18:41:26.232] [DEBUG] cheese - null
[2021-03-27T18:41:26.232] [DEBUG] cheese - null
[2021-03-27T19:01:33.259] [DEBUG] cheese - null
[2021-03-27T19:03:23.078] [DEBUG] cheese - null
[2021-03-27T19:03:32.857] [DEBUG] cheese - null
[2021-03-27T19:03:47.776] [DEBUG] cheese - null
[2021-03-27T19:04:09.321] [DEBUG] cheese - null
[2021-03-27T19:04:24.753] [DEBUG] cheese - null
[2021-03-27T19:05:14.060] [DEBUG] cheese - null
[2021-03-27T19:06:54.282] [DEBUG] cheese - null
[2021-03-27T19:07:18.065] [DEBUG] cheese - null
[2021-03-27T19:08:37.676] [DEBUG] cheese - null
[2021-03-29T09:03:36.114] [DEBUG] cheese - login => username:admin,password:123456
[2021-03-29T09:03:36.115] [DEBUG] cheese - admin
[2021-03-29T09:03:36.137] [DEBUG] cheese - null
[2021-03-29T09:03:36.137] [DEBUG] cheese - null
[2021-03-29T09:47:23.515] [DEBUG] cheese - login => username:admin,password:123456
[2021-03-29T09:47:23.516] [DEBUG] cheese - admin
[2021-03-29T09:47:23.524] [DEBUG] cheese - null
[2021-03-29T09:47:23.524] [DEBUG] cheese - null
[2021-03-29T10:33:42.591] [DEBUG] cheese - login => username:admin,password:123456
[2021-03-29T10:33:42.592] [DEBUG] cheese - admin
[2021-03-29T10:33:42.595] [DEBUG] cheese - null
[2021-03-29T10:33:42.595] [DEBUG] cheese - null
[2021-03-29T12:04:19.717] [DEBUG] cheese - login => username:admin,password:123456
[2021-03-29T12:04:19.718] [DEBUG] cheese - admin
[2021-03-29T12:04:19.720] [DEBUG] cheese - null
[2021-03-29T12:04:19.721] [DEBUG] cheese - null
[2021-03-29T15:43:59.745] [DEBUG] cheese - login => username:admin,password:123456
[2021-03-29T15:43:59.745] [DEBUG] cheese - admin
[2021-03-29T15:43:59.747] [DEBUG] cheese - null
[2021-03-29T15:43:59.748] [DEBUG] cheese - null
[2021-03-29T16:07:01.493] [DEBUG] cheese - login => username:admin,password:123456
[2021-03-29T16:07:01.494] [DEBUG] cheese - admin
[2021-03-29T16:07:01.498] [DEBUG] cheese - null
[2021-03-29T16:07:01.499] [DEBUG] cheese - null
[2021-03-29T20:53:42.248] [DEBUG] cheese - login => username:admin,password:123456
[2021-03-29T20:53:42.249] [DEBUG] cheese - admin
[2021-03-29T20:55:21.808] [DEBUG] cheese - login => username:admin,password:123456
[2021-03-29T20:55:21.808] [DEBUG] cheese - admin
[2021-03-29T20:55:21.814] [DEBUG] cheese - null
[2021-03-29T20:55:21.814] [DEBUG] cheese - null
[2021-03-29T20:55:21.887] [DEBUG] cheese - null
[2021-03-29T20:55:21.887] [DEBUG] cheese - null
[2021-03-29T20:55:21.959] [DEBUG] cheese - login => username:admin,password:123456
[2021-03-29T20:55:21.959] [DEBUG] cheese - admin
[2021-03-29T20:55:21.960] [DEBUG] cheese - login => username:admin,password:123456
[2021-03-29T20:55:21.960] [DEBUG] cheese - admin
[2021-03-29T20:55:21.961] [DEBUG] cheese - login => username:admin,password:123456
[2021-03-29T20:55:21.961] [DEBUG] cheese - admin
[2021-03-29T20:55:21.963] [DEBUG] cheese - login => username:admin,password:123456
[2021-03-29T20:55:21.963] [DEBUG] cheese - admin
[2021-03-29T20:55:21.964] [DEBUG] cheese - login => username:admin,password:123456
[2021-03-29T20:55:21.964] [DEBUG] cheese - admin
[2021-03-29T20:55:21.966] [DEBUG] cheese - login => username:admin,password:123456
[2021-03-29T20:55:21.966] [DEBUG] cheese - admin
[2021-03-29T20:55:21.970] [DEBUG] cheese - null
[2021-03-29T20:55:21.970] [DEBUG] cheese - null
[2021-03-29T20:55:22.036] [DEBUG] cheese - null
[2021-03-29T20:55:22.037] [DEBUG] cheese - null
[2021-03-29T20:55:22.106] [DEBUG] cheese - login => username:admin,password:123456
[2021-03-29T20:55:22.107] [DEBUG] cheese - admin
[2021-03-29T20:55:22.109] [DEBUG] cheese - login => username:admin,password:123456
[2021-03-29T20:55:22.109] [DEBUG] cheese - admin
[2021-03-29T20:55:22.110] [DEBUG] cheese - null
[2021-03-29T20:55:22.110] [DEBUG] cheese - null
[2021-03-29T20:55:22.177] [DEBUG] cheese - null
[2021-03-29T20:55:22.177] [DEBUG] cheese - null
[2021-03-29T20:55:22.244] [DEBUG] cheese - null
[2021-03-29T20:55:22.244] [DEBUG] cheese - null
[2021-03-29T20:55:22.312] [DEBUG] cheese - null
[2021-03-29T20:55:22.312] [DEBUG] cheese - null
[2021-03-29T20:55:22.382] [DEBUG] cheese - login => username:admin,password:123456
[2021-03-29T20:55:22.382] [DEBUG] cheese - admin
[2021-03-29T20:55:22.383] [DEBUG] cheese - login => username:admin,password:123456
[2021-03-29T20:55:22.383] [DEBUG] cheese - admin
[2021-03-29T20:55:22.384] [DEBUG] cheese - login => username:admin,password:123456
[2021-03-29T20:55:22.384] [DEBUG] cheese - admin
[2021-03-29T20:55:22.385] [DEBUG] cheese - null
[2021-03-29T20:55:22.385] [DEBUG] cheese - null
[2021-03-29T20:55:22.453] [DEBUG] cheese - login => username:admin,password:123456
[2021-03-29T20:55:22.453] [DEBUG] cheese - admin
[2021-03-29T20:55:22.454] [DEBUG] cheese - null
[2021-03-29T20:55:22.455] [DEBUG] cheese - null
[2021-03-29T20:55:22.523] [DEBUG] cheese - login => username:admin,password:123456
[2021-03-29T20:55:22.523] [DEBUG] cheese - admin
[2021-03-29T20:55:22.525] [DEBUG] cheese - null
[2021-03-29T20:55:22.526] [DEBUG] cheese - null
[2021-03-29T20:55:22.592] [DEBUG] cheese - null
[2021-03-29T20:55:22.592] [DEBUG] cheese - null
[2021-03-29T20:55:22.658] [DEBUG] cheese - login => username:admin,password:123456
[2021-03-29T20:55:22.658] [DEBUG] cheese - admin
[2021-03-29T20:55:22.659] [DEBUG] cheese - null
[2021-03-29T20:55:22.659] [DEBUG] cheese - null
[2021-03-29T20:55:22.726] [DEBUG] cheese - null
[2021-03-29T20:55:22.726] [DEBUG] cheese - null
[2021-03-29T20:55:22.795] [DEBUG] cheese - null
[2021-03-29T20:55:22.795] [DEBUG] cheese - null
[2021-03-29T20:55:22.863] [DEBUG] cheese - null
[2021-03-29T20:55:22.863] [DEBUG] cheese - null
[2021-03-29T20:55:33.877] [DEBUG] cheese - login => username:admin,password:123456
[2021-03-29T20:55:33.878] [DEBUG] cheese - admin
[2021-03-29T20:55:33.879] [DEBUG] cheese - null
[2021-03-29T20:55:33.879] [DEBUG] cheese - null
[2021-03-29T20:58:30.440] [DEBUG] cheese - login => username:admin,password:123456
[2021-03-29T20:58:30.441] [DEBUG] cheese - admin
[2021-03-29T20:58:30.444] [DEBUG] cheese - null
[2021-03-29T20:58:30.444] [DEBUG] cheese - null
[2021-03-29T20:58:40.370] [DEBUG] cheese - login => username:admin,password:123456
[2021-03-29T20:58:40.371] [DEBUG] cheese - admin
[2021-03-29T20:58:40.372] [DEBUG] cheese - null
[2021-03-29T20:58:40.372] [DEBUG] cheese - null
[2021-03-29T20:58:43.041] [DEBUG] cheese - login => username:admin,password:123456
[2021-03-29T20:58:43.041] [DEBUG] cheese - admin
[2021-03-29T20:58:43.042] [DEBUG] cheese - null
[2021-03-29T20:58:43.042] [DEBUG] cheese - null
[2021-03-29T20:58:56.126] [DEBUG] cheese - login => username:admin,password:123456
[2021-03-29T20:58:56.126] [DEBUG] cheese - admin
[2021-03-29T20:58:56.127] [DEBUG] cheese - null
[2021-03-29T20:58:56.128] [DEBUG] cheese - null
[2021-03-29T20:59:33.269] [DEBUG] cheese - login => username:admin,password:123456
[2021-03-29T20:59:33.269] [DEBUG] cheese - admin
[2021-03-29T20:59:33.272] [DEBUG] cheese - null
[2021-03-29T20:59:33.272] [DEBUG] cheese - null
[2021-03-29T21:10:51.344] [DEBUG] cheese - login => username:admin,password:123456
[2021-03-29T21:10:51.346] [DEBUG] cheese - admin
[2021-03-29T21:10:51.349] [DEBUG] cheese - null
[2021-03-29T21:10:51.349] [DEBUG] cheese - null
[2021-03-29T21:12:28.017] [DEBUG] cheese - login => username:admin,password:123456
[2021-03-29T21:12:28.018] [DEBUG] cheese - admin
[2021-03-29T21:12:28.020] [DEBUG] cheese - null
[2021-03-29T21:12:28.021] [DEBUG] cheese - null
[2021-03-30T09:59:50.962] [DEBUG] cheese - login => username:admin,password:123456
[2021-03-30T09:59:50.963] [DEBUG] cheese - admin
[2021-03-30T09:59:50.983] [DEBUG] cheese - null
[2021-03-30T09:59:50.983] [DEBUG] cheese - null
[2021-03-30T12:33:49.370] [DEBUG] cheese - login => username:admin,password:123456
[2021-03-30T12:33:49.371] [DEBUG] cheese - admin
[2021-03-30T12:33:49.375] [DEBUG] cheese - null
[2021-03-30T12:33:49.376] [DEBUG] cheese - null
[2021-03-31T18:39:26.901] [DEBUG] cheese - login => username:admin,password:123456
[2021-03-31T18:39:26.902] [DEBUG] cheese - admin
[2021-03-31T18:39:26.910] [DEBUG] cheese - null
[2021-03-31T18:39:26.910] [DEBUG] cheese - null
[2021-03-31T18:43:21.812] [DEBUG] cheese - login => username:admin,password:123456
[2021-03-31T18:43:21.812] [DEBUG] cheese - admin
[2021-03-31T18:43:21.815] [DEBUG] cheese - null
[2021-03-31T18:43:21.815] [DEBUG] cheese - null
[2021-03-31T18:59:50.267] [DEBUG] cheese - login => username:admin,password:123456
[2021-03-31T18:59:50.267] [DEBUG] cheese - admin
[2021-03-31T18:59:50.270] [DEBUG] cheese - null
[2021-03-31T18:59:50.270] [DEBUG] cheese - null
[2021-03-31T19:22:12.021] [DEBUG] cheese - login => username:admin,password:123456
[2021-03-31T19:22:12.022] [DEBUG] cheese - admin
[2021-03-31T19:22:12.029] [DEBUG] cheese - null
[2021-03-31T19:22:12.029] [DEBUG] cheese - null
[2021-03-31T19:22:37.757] [DEBUG] cheese - login => username:admin,password:123456
[2021-03-31T19:22:37.757] [DEBUG] cheese - admin
[2021-03-31T19:22:37.759] [DEBUG] cheese - null
[2021-03-31T19:22:37.759] [DEBUG] cheese - null
[2021-04-01T11:23:54.998] [DEBUG] cheese - login => username:admin,password:123456
[2021-04-01T11:23:54.999] [DEBUG] cheese - admin
[2021-04-01T11:23:55.020] [DEBUG] cheese - null
[2021-04-01T11:23:55.021] [DEBUG] cheese - null
[2021-04-01T11:24:58.529] [DEBUG] cheese - login => username:admin,password:123456
[2021-04-01T11:24:58.530] [DEBUG] cheese - admin
[2021-04-01T11:24:58.538] [DEBUG] cheese - null
[2021-04-01T11:24:58.538] [DEBUG] cheese - null
[2021-04-01T15:10:10.715] [DEBUG] cheese - login => username:admin,password:123456
[2021-04-01T15:10:10.716] [DEBUG] cheese - admin
[2021-04-01T15:10:10.724] [DEBUG] cheese - null
[2021-04-01T15:10:10.724] [DEBUG] cheese - null
[2021-04-01T15:10:31.743] [DEBUG] cheese - login => username:admin,password:123456
[2021-04-01T15:10:31.743] [DEBUG] cheese - admin
[2021-04-01T15:10:31.745] [DEBUG] cheese - null
[2021-04-01T15:10:31.745] [DEBUG] cheese - null
[2021-04-01T15:23:28.462] [DEBUG] cheese - login => username:admin,password:123456
[2021-04-01T15:23:28.462] [DEBUG] cheese - admin
[2021-04-01T15:23:28.463] [DEBUG] cheese - null
[2021-04-01T15:23:28.463] [DEBUG] cheese - null
[2021-04-01T15:24:42.084] [DEBUG] cheese - login => username:admin,password:123456
[2021-04-01T15:24:42.084] [DEBUG] cheese - admin
[2021-04-01T15:24:42.086] [DEBUG] cheese - null
[2021-04-01T15:24:42.086] [DEBUG] cheese - null
[2021-04-01T15:25:40.781] [DEBUG] cheese - login => username:admin,password:123456
[2021-04-01T15:25:40.781] [DEBUG] cheese - admin
[2021-04-01T15:25:40.783] [DEBUG] cheese - null
[2021-04-01T15:25:40.783] [DEBUG] cheese - null
[2021-04-01T15:27:35.823] [DEBUG] cheese - login => username:admin,password:123456
[2021-04-01T15:27:35.823] [DEBUG] cheese - admin
[2021-04-01T15:27:35.824] [DEBUG] cheese - null
[2021-04-01T15:27:35.824] [DEBUG] cheese - null
[2021-04-01T16:28:57.237] [DEBUG] cheese - login => username:admin,password:123456
[2021-04-01T16:28:57.238] [DEBUG] cheese - admin
[2021-04-01T16:28:57.243] [DEBUG] cheese - null
[2021-04-01T16:28:57.243] [DEBUG] cheese - null
[2021-04-06T10:03:25.192] [DEBUG] cheese - login => username:admin,password:123456
[2021-04-06T10:03:25.193] [DEBUG] cheese - admin
[2021-04-06T10:03:25.207] [DEBUG] cheese - null
[2021-04-06T10:03:25.207] [DEBUG] cheese - null
[2021-04-06T16:35:13.467] [DEBUG] cheese - login => username:admin,password:123456
[2021-04-06T16:35:13.467] [DEBUG] cheese - admin
[2021-04-06T16:35:13.471] [DEBUG] cheese - null
[2021-04-06T16:35:13.471] [DEBUG] cheese - null
[2021-04-10T21:03:51.894] [DEBUG] cheese - login => username:admin,password:123456
[2021-04-10T21:03:51.896] [DEBUG] cheese - admin
[2021-04-10T21:03:51.943] [DEBUG] cheese - null
[2021-04-10T21:03:51.943] [DEBUG] cheese - null
[2021-04-10T21:03:57.838] [DEBUG] cheese - login => username:admin,password:123456
[2021-04-10T21:03:57.838] [DEBUG] cheese - admin
[2021-04-10T21:03:57.840] [DEBUG] cheese - null
[2021-04-10T21:03:57.840] [DEBUG] cheese - null
[2021-04-10T21:07:57.226] [DEBUG] cheese - login => username:admin,password:123456
[2021-04-10T21:07:57.227] [DEBUG] cheese - admin
[2021-04-10T21:07:57.228] [DEBUG] cheese - null
[2021-04-10T21:07:57.228] [DEBUG] cheese - null
[2021-04-10T21:08:29.547] [DEBUG] cheese - login => username:admin,password:123456
[2021-04-10T21:08:29.547] [DEBUG] cheese - admin
[2021-04-10T21:08:29.549] [DEBUG] cheese - null
[2021-04-10T21:08:29.549] [DEBUG] cheese - null
[2021-04-10T21:08:34.624] [DEBUG] cheese - login => username:admin,password:123456
[2021-04-10T21:08:34.624] [DEBUG] cheese - admin
[2021-04-10T21:08:34.626] [DEBUG] cheese - null
[2021-04-10T21:08:34.626] [DEBUG] cheese - null
[2021-04-10T21:08:39.700] [DEBUG] cheese - login => username:admin,password:123456
[2021-04-10T21:08:39.700] [DEBUG] cheese - admin
[2021-04-10T21:08:39.702] [DEBUG] cheese - null
[2021-04-10T21:08:39.702] [DEBUG] cheese - null
[2021-04-10T21:08:44.774] [DEBUG] cheese - login => username:admin,password:123456
[2021-04-10T21:08:44.774] [DEBUG] cheese - admin
[2021-04-10T21:08:44.775] [DEBUG] cheese - null
[2021-04-10T21:08:44.775] [DEBUG] cheese - null
[2021-04-10T21:08:49.848] [DEBUG] cheese - login => username:admin,password:123456
[2021-04-10T21:08:49.849] [DEBUG] cheese - admin
[2021-04-10T21:08:49.851] [DEBUG] cheese - null
[2021-04-10T21:08:49.851] [DEBUG] cheese - null
[2021-04-10T21:08:54.924] [DEBUG] cheese - login => username:admin,password:123456
[2021-04-10T21:08:54.924] [DEBUG] cheese - admin
[2021-04-10T21:08:54.926] [DEBUG] cheese - null
[2021-04-10T21:08:54.926] [DEBUG] cheese - null
[2021-04-10T21:08:59.998] [DEBUG] cheese - login => username:admin,password:123456
[2021-04-10T21:08:59.999] [DEBUG] cheese - admin
[2021-04-10T21:09:00.000] [DEBUG] cheese - null
[2021-04-10T21:09:00.000] [DEBUG] cheese - null
[2021-04-10T21:09:05.076] [DEBUG] cheese - login => username:admin,password:123456
[2021-04-10T21:09:05.076] [DEBUG] cheese - admin
[2021-04-10T21:09:05.077] [DEBUG] cheese - null
[2021-04-10T21:09:05.077] [DEBUG] cheese - null
[2021-04-10T21:09:10.685] [DEBUG] cheese - login => username:admin,password:123456
[2021-04-10T21:09:10.685] [DEBUG] cheese - admin
[2021-04-10T21:09:10.686] [DEBUG] cheese - null
[2021-04-10T21:09:10.686] [DEBUG] cheese - null
[2021-04-10T21:09:16.683] [DEBUG] cheese - login => username:admin,password:123456
[2021-04-10T21:09:16.683] [DEBUG] cheese - admin
[2021-04-10T21:09:16.685] [DEBUG] cheese - null
[2021-04-10T21:09:16.685] [DEBUG] cheese - null
[2021-04-10T21:09:22.683] [DEBUG] cheese - login => username:admin,password:123456
[2021-04-10T21:09:22.683] [DEBUG] cheese - admin
[2021-04-10T21:09:22.685] [DEBUG] cheese - null
[2021-04-10T21:09:22.685] [DEBUG] cheese - null
[2021-04-10T21:09:28.684] [DEBUG] cheese - login => username:admin,password:123456
[2021-04-10T21:09:28.684] [DEBUG] cheese - admin
[2021-04-10T21:09:28.685] [DEBUG] cheese - null
[2021-04-10T21:09:28.686] [DEBUG] cheese - null
[2021-04-10T21:09:34.684] [DEBUG] cheese - login => username:admin,password:123456
[2021-04-10T21:09:34.684] [DEBUG] cheese - admin
[2021-04-10T21:09:34.686] [DEBUG] cheese - null
[2021-04-10T21:09:34.686] [DEBUG] cheese - null
[2021-04-10T21:09:40.685] [DEBUG] cheese - login => username:admin,password:123456
[2021-04-10T21:09:40.685] [DEBUG] cheese - admin
[2021-04-10T21:09:40.687] [DEBUG] cheese - null
[2021-04-10T21:09:40.687] [DEBUG] cheese - null
[2021-04-10T21:09:46.684] [DEBUG] cheese - login => username:admin,password:123456
[2021-04-10T21:09:46.684] [DEBUG] cheese - admin
[2021-04-10T21:09:46.686] [DEBUG] cheese - null
[2021-04-10T21:09:46.686] [DEBUG] cheese - null
[2021-04-10T21:09:52.684] [DEBUG] cheese - login => username:admin,password:123456
[2021-04-10T21:09:52.684] [DEBUG] cheese - admin
[2021-04-10T21:09:52.685] [DEBUG] cheese - null
[2021-04-10T21:09:52.685] [DEBUG] cheese - null
[2021-04-10T21:09:58.684] [DEBUG] cheese - login => username:admin,password:123456
[2021-04-10T21:09:58.684] [DEBUG] cheese - admin
[2021-04-10T21:09:58.685] [DEBUG] cheese - null
[2021-04-10T21:09:58.685] [DEBUG] cheese - null
[2021-04-10T21:10:04.684] [DEBUG] cheese - login => username:admin,password:123456
[2021-04-10T21:10:04.684] [DEBUG] cheese - admin
[2021-04-10T21:10:04.686] [DEBUG] cheese - null
[2021-04-10T21:10:04.686] [DEBUG] cheese - null
[2021-04-10T21:10:10.684] [DEBUG] cheese - login => username:admin,password:123456
[2021-04-10T21:10:10.684] [DEBUG] cheese - admin
[2021-04-10T21:10:10.685] [DEBUG] cheese - null
[2021-04-10T21:10:10.685] [DEBUG] cheese - null
[2021-04-10T21:10:16.684] [DEBUG] cheese - login => username:admin,password:123456
[2021-04-10T21:10:16.684] [DEBUG] cheese - admin
[2021-04-10T21:10:16.685] [DEBUG] cheese - null
[2021-04-10T21:10:16.685] [DEBUG] cheese - null
[2021-04-10T21:10:22.684] [DEBUG] cheese - login => username:admin,password:123456
[2021-04-10T21:10:22.684] [DEBUG] cheese - admin
[2021-04-10T21:10:22.685] [DEBUG] cheese - null
[2021-04-10T21:10:22.685] [DEBUG] cheese - null
[2021-04-10T21:10:28.689] [DEBUG] cheese - login => username:admin,password:123456
[2021-04-10T21:10:28.689] [DEBUG] cheese - admin
[2021-04-10T21:10:28.690] [DEBUG] cheese - null
[2021-04-10T21:10:28.690] [DEBUG] cheese - null
[2021-04-10T21:10:34.684] [DEBUG] cheese - login => username:admin,password:123456
[2021-04-10T21:10:34.684] [DEBUG] cheese - admin
[2021-04-10T21:10:34.685] [DEBUG] cheese - null
[2021-04-10T21:10:34.685] [DEBUG] cheese - null
[2021-04-10T21:10:40.684] [DEBUG] cheese - login => username:admin,password:123456
[2021-04-10T21:10:40.684] [DEBUG] cheese - admin
[2021-04-10T21:10:40.686] [DEBUG] cheese - null
[2021-04-10T21:10:40.686] [DEBUG] cheese - null
[2021-04-10T21:10:46.684] [DEBUG] cheese - login => username:admin,password:123456
[2021-04-10T21:10:46.684] [DEBUG] cheese - admin
[2021-04-10T21:10:46.685] [DEBUG] cheese - null
[2021-04-10T21:10:46.685] [DEBUG] cheese - null
[2021-04-10T21:10:52.684] [DEBUG] cheese - login => username:admin,password:123456
[2021-04-10T21:10:52.684] [DEBUG] cheese - admin
[2021-04-10T21:10:52.685] [DEBUG] cheese - null
[2021-04-10T21:10:52.686] [DEBUG] cheese - null
[2021-04-10T21:10:58.684] [DEBUG] cheese - login => username:admin,password:123456
[2021-04-10T21:10:58.684] [DEBUG] cheese - admin
[2021-04-10T21:10:58.686] [DEBUG] cheese - null
[2021-04-10T21:10:58.686] [DEBUG] cheese - null
[2021-04-10T21:11:04.684] [DEBUG] cheese - login => username:admin,password:123456
[2021-04-10T21:11:04.684] [DEBUG] cheese - admin
[2021-04-10T21:11:04.685] [DEBUG] cheese - null
[2021-04-10T21:11:04.685] [DEBUG] cheese - null
[2021-04-10T21:11:10.684] [DEBUG] cheese - login => username:admin,password:123456
[2021-04-10T21:11:10.684] [DEBUG] cheese - admin
[2021-04-10T21:11:10.685] [DEBUG] cheese - null
[2021-04-10T21:11:10.685] [DEBUG] cheese - null
[2021-04-10T21:11:16.684] [DEBUG] cheese - login => username:admin,password:123456
[2021-04-10T21:11:16.684] [DEBUG] cheese - admin
[2021-04-10T21:11:16.685] [DEBUG] cheese - null
[2021-04-10T21:11:16.685] [DEBUG] cheese - null
[2021-04-10T21:11:22.684] [DEBUG] cheese - login => username:admin,password:123456
[2021-04-10T21:11:22.684] [DEBUG] cheese - admin
[2021-04-10T21:11:22.685] [DEBUG] cheese - null
[2021-04-10T21:11:22.685] [DEBUG] cheese - null
[2021-04-10T21:11:28.684] [DEBUG] cheese - login => username:admin,password:123456
[2021-04-10T21:11:28.684] [DEBUG] cheese - admin
[2021-04-10T21:11:28.685] [DEBUG] cheese - null
[2021-04-10T21:11:28.685] [DEBUG] cheese - null
[2021-04-10T21:11:34.684] [DEBUG] cheese - login => username:admin,password:123456
[2021-04-10T21:11:34.684] [DEBUG] cheese - admin
[2021-04-10T21:11:34.685] [DEBUG] cheese - null
[2021-04-10T21:11:34.685] [DEBUG] cheese - null
[2021-04-10T21:11:40.684] [DEBUG] cheese - login => username:admin,password:123456
[2021-04-10T21:11:40.684] [DEBUG] cheese - admin
[2021-04-10T21:11:40.685] [DEBUG] cheese - null
[2021-04-10T21:11:40.685] [DEBUG] cheese - null
[2021-04-10T21:11:46.683] [DEBUG] cheese - login => username:admin,password:123456
[2021-04-10T21:11:46.684] [DEBUG] cheese - admin
[2021-04-10T21:11:46.685] [DEBUG] cheese - null
[2021-04-10T21:11:46.685] [DEBUG] cheese - null
[2021-04-10T21:11:52.684] [DEBUG] cheese - login => username:admin,password:123456
[2021-04-10T21:11:52.684] [DEBUG] cheese - admin
[2021-04-10T21:11:52.685] [DEBUG] cheese - null
[2021-04-10T21:11:52.685] [DEBUG] cheese - null
[2021-04-10T21:11:58.683] [DEBUG] cheese - login => username:admin,password:123456
[2021-04-10T21:11:58.684] [DEBUG] cheese - admin
[2021-04-10T21:11:58.685] [DEBUG] cheese - null
[2021-04-10T21:11:58.685] [DEBUG] cheese - null
[2021-04-10T21:12:04.684] [DEBUG] cheese - login => username:admin,password:123456
[2021-04-10T21:12:04.684] [DEBUG] cheese - admin
[2021-04-10T21:12:04.685] [DEBUG] cheese - null
[2021-04-10T21:12:04.685] [DEBUG] cheese - null
[2021-04-10T21:12:10.683] [DEBUG] cheese - login => username:admin,password:123456
[2021-04-10T21:12:10.683] [DEBUG] cheese - admin
[2021-04-10T21:12:10.685] [DEBUG] cheese - null
[2021-04-10T21:12:10.685] [DEBUG] cheese - null
[2021-04-10T21:12:16.684] [DEBUG] cheese - login => username:admin,password:123456
[2021-04-10T21:12:16.684] [DEBUG] cheese - admin
[2021-04-10T21:12:16.686] [DEBUG] cheese - null
[2021-04-10T21:12:16.686] [DEBUG] cheese - null
[2021-04-10T21:12:22.683] [DEBUG] cheese - login => username:admin,password:123456
[2021-04-10T21:12:22.683] [DEBUG] cheese - admin
[2021-04-10T21:12:22.685] [DEBUG] cheese - null
[2021-04-10T21:12:22.685] [DEBUG] cheese - null
[2021-04-10T21:12:28.684] [DEBUG] cheese - login => username:admin,password:123456
[2021-04-10T21:12:28.684] [DEBUG] cheese - admin
[2021-04-10T21:12:28.685] [DEBUG] cheese - null
[2021-04-10T21:12:28.685] [DEBUG] cheese - null
[2021-04-10T21:12:34.684] [DEBUG] cheese - login => username:admin,password:123456
[2021-04-10T21:12:34.684] [DEBUG] cheese - admin
[2021-04-10T21:12:34.685] [DEBUG] cheese - null
[2021-04-10T21:12:34.685] [DEBUG] cheese - null
[2021-04-10T21:12:40.684] [DEBUG] cheese - login => username:admin,password:123456
[2021-04-10T21:12:40.684] [DEBUG] cheese - admin
[2021-04-10T21:12:40.685] [DEBUG] cheese - null
[2021-04-10T21:12:40.685] [DEBUG] cheese - null
[2021-04-10T21:12:46.684] [DEBUG] cheese - login => username:admin,password:123456
[2021-04-10T21:12:46.684] [DEBUG] cheese - admin
[2021-04-10T21:12:46.685] [DEBUG] cheese - null
[2021-04-10T21:12:46.686] [DEBUG] cheese - null
[2021-04-10T21:12:52.685] [DEBUG] cheese - login => username:admin,password:123456
[2021-04-10T21:12:52.685] [DEBUG] cheese - admin
[2021-04-10T21:12:52.686] [DEBUG] cheese - null
[2021-04-10T21:12:52.686] [DEBUG] cheese - null
[2021-04-10T21:12:58.683] [DEBUG] cheese - login => username:admin,password:123456
[2021-04-10T21:12:58.683] [DEBUG] cheese - admin
[2021-04-10T21:12:58.685] [DEBUG] cheese - null
[2021-04-10T21:12:58.685] [DEBUG] cheese - null
[2021-04-10T21:13:04.683] [DEBUG] cheese - login => username:admin,password:123456
[2021-04-10T21:13:04.684] [DEBUG] cheese - admin
[2021-04-10T21:13:04.685] [DEBUG] cheese - null
[2021-04-10T21:13:04.685] [DEBUG] cheese - null
[2021-04-10T21:13:10.683] [DEBUG] cheese - login => username:admin,password:123456
[2021-04-10T21:13:10.683] [DEBUG] cheese - admin
[2021-04-10T21:13:10.685] [DEBUG] cheese - null
[2021-04-10T21:13:10.685] [DEBUG] cheese - null
[2021-04-10T21:13:16.684] [DEBUG] cheese - login => username:admin,password:123456
[2021-04-10T21:13:16.684] [DEBUG] cheese - admin
[2021-04-10T21:13:16.686] [DEBUG] cheese - null
[2021-04-10T21:13:16.686] [DEBUG] cheese - null
[2021-04-10T21:13:22.684] [DEBUG] cheese - login => username:admin,password:123456
[2021-04-10T21:13:22.684] [DEBUG] cheese - admin
[2021-04-10T21:13:22.686] [DEBUG] cheese - null
[2021-04-10T21:13:22.686] [DEBUG] cheese - null
[2021-04-10T21:13:28.683] [DEBUG] cheese - login => username:admin,password:123456
[2021-04-10T21:13:28.683] [DEBUG] cheese - admin
[2021-04-10T21:13:28.685] [DEBUG] cheese - null
[2021-04-10T21:13:28.685] [DEBUG] cheese - null
[2021-04-10T21:13:34.684] [DEBUG] cheese - login => username:admin,password:123456
[2021-04-10T21:13:34.684] [DEBUG] cheese - admin
[2021-04-10T21:13:34.686] [DEBUG] cheese - null
[2021-04-10T21:13:34.686] [DEBUG] cheese - null
[2021-04-10T21:13:40.684] [DEBUG] cheese - login => username:admin,password:123456
[2021-04-10T21:13:40.684] [DEBUG] cheese - admin
[2021-04-10T21:13:40.686] [DEBUG] cheese - null
[2021-04-10T21:13:40.686] [DEBUG] cheese - null
[2021-04-10T21:13:46.684] [DEBUG] cheese - login => username:admin,password:123456
[2021-04-10T21:13:46.684] [DEBUG] cheese - admin
[2021-04-10T21:13:46.685] [DEBUG] cheese - null
[2021-04-10T21:13:46.685] [DEBUG] cheese - null
[2021-04-10T21:13:52.684] [DEBUG] cheese - login => username:admin,password:123456
[2021-04-10T21:13:52.684] [DEBUG] cheese - admin
[2021-04-10T21:13:52.685] [DEBUG] cheese - null
[2021-04-10T21:13:52.685] [DEBUG] cheese - null
[2021-04-10T21:13:58.684] [DEBUG] cheese - login => username:admin,password:123456
[2021-04-10T21:13:58.684] [DEBUG] cheese - admin
[2021-04-10T21:13:58.686] [DEBUG] cheese - null
[2021-04-10T21:13:58.686] [DEBUG] cheese - null
[2021-04-10T21:14:04.684] [DEBUG] cheese - login => username:admin,password:123456
[2021-04-10T21:14:04.684] [DEBUG] cheese - admin
[2021-04-10T21:14:04.685] [DEBUG] cheese - null
[2021-04-10T21:14:04.685] [DEBUG] cheese - null
[2021-04-10T21:14:10.684] [DEBUG] cheese - login => username:admin,password:123456
[2021-04-10T21:14:10.684] [DEBUG] cheese - admin
[2021-04-10T21:14:10.685] [DEBUG] cheese - null
[2021-04-10T21:14:10.685] [DEBUG] cheese - null
[2021-04-10T21:14:16.684] [DEBUG] cheese - login => username:admin,password:123456
[2021-04-10T21:14:16.684] [DEBUG] cheese - admin
[2021-04-10T21:14:16.685] [DEBUG] cheese - null
[2021-04-10T21:14:16.685] [DEBUG] cheese - null
[2021-04-10T21:14:22.684] [DEBUG] cheese - login => username:admin,password:123456
[2021-04-10T21:14:22.684] [DEBUG] cheese - admin
[2021-04-10T21:14:22.685] [DEBUG] cheese - null
[2021-04-10T21:14:22.686] [DEBUG] cheese - null
[2021-04-10T21:14:28.684] [DEBUG] cheese - login => username:admin,password:123456
[2021-04-10T21:14:28.684] [DEBUG] cheese - admin
[2021-04-10T21:14:28.685] [DEBUG] cheese - null
[2021-04-10T21:14:28.686] [DEBUG] cheese - null
[2021-04-10T21:14:34.684] [DEBUG] cheese - login => username:admin,password:123456
[2021-04-10T21:14:34.684] [DEBUG] cheese - admin
[2021-04-10T21:14:34.685] [DEBUG] cheese - null
[2021-04-10T21:14:34.685] [DEBUG] cheese - null
[2021-04-10T21:14:40.684] [DEBUG] cheese - login => username:admin,password:123456
[2021-04-10T21:14:40.684] [DEBUG] cheese - admin
[2021-04-10T21:14:40.685] [DEBUG] cheese - null
[2021-04-10T21:14:40.685] [DEBUG] cheese - null
[2021-04-10T21:14:46.684] [DEBUG] cheese - login => username:admin,password:123456
[2021-04-10T21:14:46.684] [DEBUG] cheese - admin
[2021-04-10T21:14:46.685] [DEBUG] cheese - null
[2021-04-10T21:14:46.685] [DEBUG] cheese - null
[2021-04-10T21:14:52.684] [DEBUG] cheese - login => username:admin,password:123456
[2021-04-10T21:14:52.684] [DEBUG] cheese - admin
[2021-04-10T21:14:52.685] [DEBUG] cheese - null
[2021-04-10T21:14:52.685] [DEBUG] cheese - null
[2021-04-10T21:14:58.683] [DEBUG] cheese - login => username:admin,password:123456
[2021-04-10T21:14:58.684] [DEBUG] cheese - admin
[2021-04-10T21:14:58.685] [DEBUG] cheese - null
[2021-04-10T21:14:58.685] [DEBUG] cheese - null
[2021-04-10T21:15:04.684] [DEBUG] cheese - login => username:admin,password:123456
[2021-04-10T21:15:04.684] [DEBUG] cheese - admin
[2021-04-10T21:15:04.685] [DEBUG] cheese - null
[2021-04-10T21:15:04.685] [DEBUG] cheese - null
[2021-04-10T21:15:10.686] [DEBUG] cheese - login => username:admin,password:123456
[2021-04-10T21:15:10.686] [DEBUG] cheese - admin
[2021-04-10T21:15:10.687] [DEBUG] cheese - null
[2021-04-10T21:15:10.687] [DEBUG] cheese - null
[2021-04-10T21:15:16.684] [DEBUG] cheese - login => username:admin,password:123456
[2021-04-10T21:15:16.684] [DEBUG] cheese - admin
[2021-04-10T21:15:16.685] [DEBUG] cheese - null
[2021-04-10T21:15:16.685] [DEBUG] cheese - null
[2021-04-10T21:15:22.684] [DEBUG] cheese - login => username:admin,password:123456
[2021-04-10T21:15:22.684] [DEBUG] cheese - admin
[2021-04-10T21:15:22.686] [DEBUG] cheese - null
[2021-04-10T21:15:22.686] [DEBUG] cheese - null
[2021-04-10T21:15:28.685] [DEBUG] cheese - login => username:admin,password:123456
[2021-04-10T21:15:28.685] [DEBUG] cheese - admin
[2021-04-10T21:15:28.686] [DEBUG] cheese - null
[2021-04-10T21:15:28.686] [DEBUG] cheese - null
[2021-04-10T21:15:34.684] [DEBUG] cheese - login => username:admin,password:123456
[2021-04-10T21:15:34.685] [DEBUG] cheese - admin
[2021-04-10T21:15:34.686] [DEBUG] cheese - null
[2021-04-10T21:15:34.686] [DEBUG] cheese - null
[2021-04-10T21:15:40.684] [DEBUG] cheese - login => username:admin,password:123456
[2021-04-10T21:15:40.684] [DEBUG] cheese - admin
[2021-04-10T21:15:40.686] [DEBUG] cheese - null
[2021-04-10T21:15:40.686] [DEBUG] cheese - null
[2021-04-10T21:15:46.684] [DEBUG] cheese - login => username:admin,password:123456
[2021-04-10T21:15:46.684] [DEBUG] cheese - admin
[2021-04-10T21:15:46.685] [DEBUG] cheese - null
[2021-04-10T21:15:46.685] [DEBUG] cheese - null
[2021-04-10T21:15:52.685] [DEBUG] cheese - login => username:admin,password:123456
[2021-04-10T21:15:52.685] [DEBUG] cheese - admin
[2021-04-10T21:15:52.686] [DEBUG] cheese - null
[2021-04-10T21:15:52.686] [DEBUG] cheese - null
[2021-04-10T21:15:58.684] [DEBUG] cheese - login => username:admin,password:123456
[2021-04-10T21:15:58.684] [DEBUG] cheese - admin
[2021-04-10T21:15:58.686] [DEBUG] cheese - null
[2021-04-10T21:15:58.686] [DEBUG] cheese - null
[2021-04-10T21:16:04.684] [DEBUG] cheese - login => username:admin,password:123456
[2021-04-10T21:16:04.684] [DEBUG] cheese - admin
[2021-04-10T21:16:04.686] [DEBUG] cheese - null
[2021-04-10T21:16:04.686] [DEBUG] cheese - null
[2021-04-10T21:16:10.684] [DEBUG] cheese - login => username:admin,password:123456
[2021-04-10T21:16:10.684] [DEBUG] cheese - admin
[2021-04-10T21:16:10.685] [DEBUG] cheese - null
[2021-04-10T21:16:10.685] [DEBUG] cheese - null
[2021-04-10T21:16:16.684] [DEBUG] cheese - login => username:admin,password:123456
[2021-04-10T21:16:16.684] [DEBUG] cheese - admin
[2021-04-10T21:16:16.685] [DEBUG] cheese - null
[2021-04-10T21:16:16.686] [DEBUG] cheese - null
[2021-04-10T21:16:22.684] [DEBUG] cheese - login => username:admin,password:123456
[2021-04-10T21:16:22.684] [DEBUG] cheese - admin
[2021-04-10T21:16:22.686] [DEBUG] cheese - null
[2021-04-10T21:16:22.686] [DEBUG] cheese - null
[2021-04-10T21:16:28.684] [DEBUG] cheese - login => username:admin,password:123456
[2021-04-10T21:16:28.684] [DEBUG] cheese - admin
[2021-04-10T21:16:28.685] [DEBUG] cheese - null
[2021-04-10T21:16:28.685] [DEBUG] cheese - null
[2021-04-10T21:16:34.683] [DEBUG] cheese - login => username:admin,password:123456
[2021-04-10T21:16:34.684] [DEBUG] cheese - admin
[2021-04-10T21:16:34.685] [DEBUG] cheese - null
[2021-04-10T21:16:34.685] [DEBUG] cheese - null
[2021-04-10T21:16:40.684] [DEBUG] cheese - login => username:admin,password:123456
[2021-04-10T21:16:40.684] [DEBUG] cheese - admin
[2021-04-10T21:16:40.686] [DEBUG] cheese - null
[2021-04-10T21:16:40.686] [DEBUG] cheese - null
[2021-04-10T21:16:46.684] [DEBUG] cheese - login => username:admin,password:123456
[2021-04-10T21:16:46.684] [DEBUG] cheese - admin
[2021-04-10T21:16:46.685] [DEBUG] cheese - null
[2021-04-10T21:16:46.685] [DEBUG] cheese - null
[2021-04-10T21:16:52.684] [DEBUG] cheese - login => username:admin,password:123456
[2021-04-10T21:16:52.684] [DEBUG] cheese - admin
[2021-04-10T21:16:52.686] [DEBUG] cheese - null
[2021-04-10T21:16:52.686] [DEBUG] cheese - null
[2021-04-10T21:16:58.684] [DEBUG] cheese - login => username:admin,password:123456
[2021-04-10T21:16:58.684] [DEBUG] cheese - admin
[2021-04-10T21:16:58.685] [DEBUG] cheese - null
[2021-04-10T21:16:58.685] [DEBUG] cheese - null
[2021-04-10T21:17:04.685] [DEBUG] cheese - login => username:admin,password:123456
[2021-04-10T21:17:04.685] [DEBUG] cheese - admin
[2021-04-10T21:17:04.686] [DEBUG] cheese - null
[2021-04-10T21:17:04.686] [DEBUG] cheese - null
[2021-04-10T21:17:10.684] [DEBUG] cheese - login => username:admin,password:123456
[2021-04-10T21:17:10.684] [DEBUG] cheese - admin
[2021-04-10T21:17:10.685] [DEBUG] cheese - null
[2021-04-10T21:17:10.685] [DEBUG] cheese - null
[2021-04-10T21:17:16.684] [DEBUG] cheese - login => username:admin,password:123456
[2021-04-10T21:17:16.685] [DEBUG] cheese - admin
[2021-04-10T21:17:16.686] [DEBUG] cheese - null
[2021-04-10T21:17:16.686] [DEBUG] cheese - null
[2021-04-10T21:17:22.684] [DEBUG] cheese - login => username:admin,password:123456
[2021-04-10T21:17:22.684] [DEBUG] cheese - admin
[2021-04-10T21:17:22.685] [DEBUG] cheese - null
[2021-04-10T21:17:22.685] [DEBUG] cheese - null
[2021-04-10T21:17:28.683] [DEBUG] cheese - login => username:admin,password:123456
[2021-04-10T21:17:28.684] [DEBUG] cheese - admin
[2021-04-10T21:17:28.685] [DEBUG] cheese - null
[2021-04-10T21:17:28.685] [DEBUG] cheese - null
[2021-04-10T21:17:34.683] [DEBUG] cheese - login => username:admin,password:123456
[2021-04-10T21:17:34.683] [DEBUG] cheese - admin
[2021-04-10T21:17:34.685] [DEBUG] cheese - null
[2021-04-10T21:17:34.685] [DEBUG] cheese - null
[2021-04-10T21:17:40.684] [DEBUG] cheese - login => username:admin,password:123456
[2021-04-10T21:17:40.684] [DEBUG] cheese - admin
[2021-04-10T21:17:40.685] [DEBUG] cheese - null
[2021-04-10T21:17:40.685] [DEBUG] cheese - null
[2021-04-10T21:17:46.684] [DEBUG] cheese - login => username:admin,password:123456
[2021-04-10T21:17:46.685] [DEBUG] cheese - admin
[2021-04-10T21:17:46.686] [DEBUG] cheese - null
[2021-04-10T21:17:46.686] [DEBUG] cheese - null
[2021-04-10T21:17:52.684] [DEBUG] cheese - login => username:admin,password:123456
[2021-04-10T21:17:52.684] [DEBUG] cheese - admin
[2021-04-10T21:17:52.685] [DEBUG] cheese - null
[2021-04-10T21:17:52.685] [DEBUG] cheese - null
[2021-04-10T21:17:58.684] [DEBUG] cheese - login => username:admin,password:123456
[2021-04-10T21:17:58.684] [DEBUG] cheese - admin
[2021-04-10T21:17:58.685] [DEBUG] cheese - null
[2021-04-10T21:17:58.685] [DEBUG] cheese - null
[2021-04-10T21:18:04.684] [DEBUG] cheese - login => username:admin,password:123456
[2021-04-10T21:18:04.684] [DEBUG] cheese - admin
[2021-04-10T21:18:04.685] [DEBUG] cheese - null
[2021-04-10T21:18:04.685] [DEBUG] cheese - null
[2021-04-10T21:18:10.683] [DEBUG] cheese - login => username:admin,password:123456
[2021-04-10T21:18:10.684] [DEBUG] cheese - admin
[2021-04-10T21:18:10.685] [DEBUG] cheese - null
[2021-04-10T21:18:10.685] [DEBUG] cheese - null
[2021-04-10T21:18:16.684] [DEBUG] cheese - login => username:admin,password:123456
[2021-04-10T21:18:16.684] [DEBUG] cheese - admin
[2021-04-10T21:18:16.685] [DEBUG] cheese - null
[2021-04-10T21:18:16.685] [DEBUG] cheese - null
[2021-04-10T21:18:22.684] [DEBUG] cheese - login => username:admin,password:123456
[2021-04-10T21:18:22.684] [DEBUG] cheese - admin
[2021-04-10T21:18:22.685] [DEBUG] cheese - null
[2021-04-10T21:18:22.685] [DEBUG] cheese - null
[2021-04-10T21:18:28.684] [DEBUG] cheese - login => username:admin,password:123456
[2021-04-10T21:18:28.684] [DEBUG] cheese - admin
[2021-04-10T21:18:28.685] [DEBUG] cheese - null
[2021-04-10T21:18:28.685] [DEBUG] cheese - null
[2021-04-10T21:18:34.683] [DEBUG] cheese - login => username:admin,password:123456
[2021-04-10T21:18:34.683] [DEBUG] cheese - admin
[2021-04-10T21:18:34.685] [DEBUG] cheese - null
[2021-04-10T21:18:34.685] [DEBUG] cheese - null
[2021-04-10T21:18:40.684] [DEBUG] cheese - login => username:admin,password:123456
[2021-04-10T21:18:40.684] [DEBUG] cheese - admin
[2021-04-10T21:18:40.685] [DEBUG] cheese - null
[2021-04-10T21:18:40.685] [DEBUG] cheese - null
[2021-04-10T21:18:46.683] [DEBUG] cheese - login => username:admin,password:123456
[2021-04-10T21:18:46.683] [DEBUG] cheese - admin
[2021-04-10T21:18:46.685] [DEBUG] cheese - null
[2021-04-10T21:18:46.685] [DEBUG] cheese - null
[2021-04-10T21:18:52.685] [DEBUG] cheese - login => username:admin,password:123456
[2021-04-10T21:18:52.685] [DEBUG] cheese - admin
[2021-04-10T21:18:52.686] [DEBUG] cheese - null
[2021-04-10T21:18:52.686] [DEBUG] cheese - null
[2021-04-10T21:18:58.684] [DEBUG] cheese - login => username:admin,password:123456
[2021-04-10T21:18:58.684] [DEBUG] cheese - admin
[2021-04-10T21:18:58.685] [DEBUG] cheese - null
[2021-04-10T21:18:58.686] [DEBUG] cheese - null
[2021-04-10T21:19:04.684] [DEBUG] cheese - login => username:admin,password:123456
[2021-04-10T21:19:04.684] [DEBUG] cheese - admin
[2021-04-10T21:19:04.686] [DEBUG] cheese - null
[2021-04-10T21:19:04.686] [DEBUG] cheese - null
[2021-04-10T21:19:10.684] [DEBUG] cheese - login => username:admin,password:123456
[2021-04-10T21:19:10.684] [DEBUG] cheese - admin
[2021-04-10T21:19:10.686] [DEBUG] cheese - null
[2021-04-10T21:19:10.686] [DEBUG] cheese - null
[2021-04-10T21:19:16.683] [DEBUG] cheese - login => username:admin,password:123456
[2021-04-10T21:19:16.684] [DEBUG] cheese - admin
[2021-04-10T21:19:16.685] [DEBUG] cheese - null
[2021-04-10T21:19:16.685] [DEBUG] cheese - null
[2021-04-10T21:19:22.684] [DEBUG] cheese - login => username:admin,password:123456
[2021-04-10T21:19:22.684] [DEBUG] cheese - admin
[2021-04-10T21:19:22.685] [DEBUG] cheese - null
[2021-04-10T21:19:22.685] [DEBUG] cheese - null
[2021-04-10T21:19:28.685] [DEBUG] cheese - login => username:admin,password:123456
[2021-04-10T21:19:28.685] [DEBUG] cheese - admin
[2021-04-10T21:19:28.687] [DEBUG] cheese - null
[2021-04-10T21:19:28.687] [DEBUG] cheese - null
[2021-04-10T21:19:33.759] [DEBUG] cheese - login => username:admin,password:123456
[2021-04-10T21:19:33.759] [DEBUG] cheese - admin
[2021-04-10T21:19:33.760] [DEBUG] cheese - null
[2021-04-10T21:19:33.760] [DEBUG] cheese - null
[2021-04-12T14:10:16.286] [DEBUG] cheese - login => username:admin,password:123456
[2021-04-12T14:10:16.288] [DEBUG] cheese - admin
[2021-04-12T14:10:16.319] [DEBUG] cheese - null
[2021-04-12T14:10:16.319] [DEBUG] cheese - null
[2021-04-12T14:13:10.202] [DEBUG] cheese - login => username:admin,password:123456
[2021-04-12T14:13:10.202] [DEBUG] cheese - admin
[2021-04-12T14:13:10.204] [DEBUG] cheese - null
[2021-04-12T14:13:10.204] [DEBUG] cheese - null
[2021-04-12T14:13:23.762] [DEBUG] cheese - login => username:admin,password:123456
[2021-04-12T14:13:23.762] [DEBUG] cheese - admin
[2021-04-12T14:13:23.764] [DEBUG] cheese - null
[2021-04-12T14:13:23.764] [DEBUG] cheese - null
[2021-04-12T14:13:55.482] [DEBUG] cheese - login => username:admin,password:123456
[2021-04-12T14:13:55.482] [DEBUG] cheese - admin
[2021-04-12T14:13:55.484] [DEBUG] cheese - null
[2021-04-12T14:13:55.484] [DEBUG] cheese - null
[2021-04-12T14:20:26.466] [DEBUG] cheese - login => username:admin,password:123456
[2021-04-12T14:20:26.466] [DEBUG] cheese - admin
[2021-04-12T14:20:26.468] [DEBUG] cheese - null
[2021-04-12T14:20:26.468] [DEBUG] cheese - null
[2021-04-12T14:22:47.761] [DEBUG] cheese - login => username:admin,password:123456
[2021-04-12T14:22:47.761] [DEBUG] cheese - admin
[2021-04-12T14:22:47.763] [DEBUG] cheese - null
[2021-04-12T14:22:47.763] [DEBUG] cheese - null
[2021-04-12T14:25:06.891] [DEBUG] cheese - login => username:admin,password:123456
[2021-04-12T14:25:06.891] [DEBUG] cheese - admin
[2021-04-12T14:25:06.892] [DEBUG] cheese - null
[2021-04-12T14:25:06.892] [DEBUG] cheese - null
[2021-04-12T14:39:58.705] [DEBUG] cheese - login => username:admin,password:123456
[2021-04-12T14:39:58.705] [DEBUG] cheese - admin
[2021-04-12T14:39:58.707] [DEBUG] cheese - null
[2021-04-12T14:39:58.707] [DEBUG] cheese - null
[2021-04-12T14:40:42.960] [DEBUG] cheese - login => username:admin,password:123456
[2021-04-12T14:40:42.960] [DEBUG] cheese - admin
[2021-04-12T14:40:42.962] [DEBUG] cheese - null
[2021-04-12T14:40:42.962] [DEBUG] cheese - null
[2021-04-12T14:41:28.864] [DEBUG] cheese - login => username:admin,password:123456
[2021-04-12T14:41:28.864] [DEBUG] cheese - admin
[2021-04-12T14:41:28.865] [DEBUG] cheese - null
[2021-04-12T14:41:28.865] [DEBUG] cheese - null
[2021-04-12T14:43:51.488] [DEBUG] cheese - login => username:admin,password:123456
[2021-04-12T14:43:51.489] [DEBUG] cheese - admin
[2021-04-12T14:43:51.492] [DEBUG] cheese - null
[2021-04-12T14:43:51.492] [DEBUG] cheese - null
[2021-04-12T14:44:09.594] [DEBUG] cheese - login => username:admin,password:123456
[2021-04-12T14:44:09.594] [DEBUG] cheese - admin
[2021-04-12T14:44:09.595] [DEBUG] cheese - null
[2021-04-12T14:44:09.595] [DEBUG] cheese - null
[2021-04-12T14:44:15.184] [DEBUG] cheese - login => username:admin,password:123456
[2021-04-12T14:44:15.184] [DEBUG] cheese - admin
[2021-04-12T14:44:15.185] [DEBUG] cheese - null
[2021-04-12T14:44:15.185] [DEBUG] cheese - null
[2021-04-12T14:46:43.728] [DEBUG] cheese - login => username:admin,password:123456
[2021-04-12T14:46:43.728] [DEBUG] cheese - admin
[2021-04-12T14:46:43.730] [DEBUG] cheese - null
[2021-04-12T14:46:43.730] [DEBUG] cheese - null
[2021-04-12T14:46:59.753] [DEBUG] cheese - login => username:admin,password:123456
[2021-04-12T14:46:59.753] [DEBUG] cheese - admin
[2021-04-12T14:46:59.755] [DEBUG] cheese - null
[2021-04-12T14:46:59.755] [DEBUG] cheese - null
[2021-04-12T14:47:15.311] [DEBUG] cheese - login => username:admin,password:123456
[2021-04-12T14:47:15.311] [DEBUG] cheese - admin
[2021-04-12T14:47:15.312] [DEBUG] cheese - null
[2021-04-12T14:47:15.312] [DEBUG] cheese - null
[2021-04-12T14:47:30.257] [DEBUG] cheese - login => username:admin,password:123456
[2021-04-12T14:47:30.257] [DEBUG] cheese - admin
[2021-04-12T14:47:30.258] [DEBUG] cheese - null
[2021-04-12T14:47:30.258] [DEBUG] cheese - null
[2021-04-12T14:47:31.814] [DEBUG] cheese - login => username:admin,password:123456
[2021-04-12T14:47:31.814] [DEBUG] cheese - admin
[2021-04-12T14:47:31.817] [DEBUG] cheese - null
[2021-04-12T14:47:31.817] [DEBUG] cheese - null
[2021-04-12T14:49:55.628] [DEBUG] cheese - login => username:admin,password:123456
[2021-04-12T14:49:55.629] [DEBUG] cheese - admin
[2021-04-12T14:49:55.630] [DEBUG] cheese - null
[2021-04-12T14:49:55.630] [DEBUG] cheese - null
[2021-04-12T14:50:52.978] [DEBUG] cheese - login => username:admin,password:123456
[2021-04-12T14:50:52.978] [DEBUG] cheese - admin
[2021-04-12T14:50:52.980] [DEBUG] cheese - null
[2021-04-12T14:50:52.980] [DEBUG] cheese - null
[2021-04-12T14:51:48.236] [DEBUG] cheese - login => username:admin,password:123456
[2021-04-12T14:51:48.236] [DEBUG] cheese - admin
[2021-04-12T14:51:48.237] [DEBUG] cheese - null
[2021-04-12T14:51:48.237] [DEBUG] cheese - null
[2021-04-12T15:19:11.822] [DEBUG] cheese - login => username:admin,password:123456
[2021-04-12T15:19:11.822] [DEBUG] cheese - admin
[2021-04-12T15:19:11.825] [DEBUG] cheese - null
[2021-04-12T15:19:11.825] [DEBUG] cheese - null
[2021-04-12T15:19:46.761] [DEBUG] cheese - login => username:admin,password:123456
[2021-04-12T15:19:46.761] [DEBUG] cheese - admin
[2021-04-12T15:19:46.762] [DEBUG] cheese - null
[2021-04-12T15:19:46.762] [DEBUG] cheese - null
[2021-04-12T15:29:27.250] [DEBUG] cheese - login => username:admin,password:123456
[2021-04-12T15:29:27.250] [DEBUG] cheese - admin
[2021-04-12T15:29:27.251] [DEBUG] cheese - null
[2021-04-12T15:29:27.251] [DEBUG] cheese - null
[2021-04-12T15:29:30.802] [DEBUG] cheese - login => username:admin,password:123456
[2021-04-12T15:29:30.802] [DEBUG] cheese - admin
[2021-04-12T15:29:30.803] [DEBUG] cheese - null
[2021-04-12T15:29:30.803] [DEBUG] cheese - null
[2021-04-12T15:35:14.267] [DEBUG] cheese - login => username:admin,password:123456
[2021-04-12T15:35:14.267] [DEBUG] cheese - admin
[2021-04-12T15:35:14.269] [DEBUG] cheese - null
[2021-04-12T15:35:14.269] [DEBUG] cheese - null
[2021-04-12T15:37:39.133] [DEBUG] cheese - login => username:admin,password:123456
[2021-04-12T15:37:39.133] [DEBUG] cheese - admin
[2021-04-12T15:37:39.135] [DEBUG] cheese - null
[2021-04-12T15:37:39.135] [DEBUG] cheese - null
[2021-04-12T15:55:01.634] [DEBUG] cheese - login => username:admin,password:123456
[2021-04-12T15:55:01.634] [DEBUG] cheese - admin
[2021-04-12T15:55:01.637] [DEBUG] cheese - null
[2021-04-12T15:55:01.637] [DEBUG] cheese - null
[2021-04-12T15:58:24.386] [DEBUG] cheese - login => username:admin,password:123456
[2021-04-12T15:58:24.386] [DEBUG] cheese - admin
[2021-04-12T15:58:24.387] [DEBUG] cheese - null
[2021-04-12T15:58:24.387] [DEBUG] cheese - null
[2021-04-12T15:58:46.058] [DEBUG] cheese - login => username:admin,password:123456
[2021-04-12T15:58:46.058] [DEBUG] cheese - admin
[2021-04-12T15:58:46.059] [DEBUG] cheese - null
[2021-04-12T15:58:46.059] [DEBUG] cheese - null
[2021-04-12T16:00:36.747] [DEBUG] cheese - login => username:admin,password:123456
[2021-04-12T16:00:36.747] [DEBUG] cheese - admin
[2021-04-12T16:00:36.749] [DEBUG] cheese - null
[2021-04-12T16:00:36.749] [DEBUG] cheese - null
[2021-04-12T16:06:48.871] [DEBUG] cheese - login => username:admin,password:123456
[2021-04-12T16:06:48.872] [DEBUG] cheese - admin
[2021-04-12T16:06:48.873] [DEBUG] cheese - null
[2021-04-12T16:06:48.873] [DEBUG] cheese - null
[2021-04-12T16:07:13.534] [DEBUG] cheese - login => username:admin,password:123456
[2021-04-12T16:07:13.534] [DEBUG] cheese - admin
[2021-04-12T16:07:13.535] [DEBUG] cheese - null
[2021-04-12T16:07:13.536] [DEBUG] cheese - null
[2021-04-12T16:55:39.626] [DEBUG] cheese - login => username:admin,password:123456
[2021-04-12T16:55:39.626] [DEBUG] cheese - admin
[2021-04-12T16:55:39.628] [DEBUG] cheese - null
[2021-04-12T16:55:39.628] [DEBUG] cheese - null
[2021-04-12T16:57:07.378] [DEBUG] cheese - login => username:admin,password:123456
[2021-04-12T16:57:07.378] [DEBUG] cheese - admin
[2021-04-12T16:57:07.380] [DEBUG] cheese - null
[2021-04-12T16:57:07.380] [DEBUG] cheese - null
[2021-04-12T16:58:10.545] [DEBUG] cheese - login => username:admin,password:123456
[2021-04-12T16:58:10.545] [DEBUG] cheese - admin
[2021-04-12T16:58:10.546] [DEBUG] cheese - null
[2021-04-12T16:58:10.547] [DEBUG] cheese - null
[2021-04-12T16:58:57.791] [DEBUG] cheese - login => username:admin,password:123456
[2021-04-12T16:58:57.791] [DEBUG] cheese - admin
[2021-04-12T16:58:57.792] [DEBUG] cheese - null
[2021-04-12T16:58:57.792] [DEBUG] cheese - null
[2021-04-12T16:59:35.808] [DEBUG] cheese - login => username:admin,password:123456
[2021-04-12T16:59:35.808] [DEBUG] cheese - admin
[2021-04-12T16:59:35.810] [DEBUG] cheese - null
[2021-04-12T16:59:35.810] [DEBUG] cheese - null
[2021-04-12T16:59:54.647] [DEBUG] cheese - login => username:admin,password:123456
[2021-04-12T16:59:54.648] [DEBUG] cheese - admin
[2021-04-12T16:59:54.649] [DEBUG] cheese - null
[2021-04-12T16:59:54.649] [DEBUG] cheese - null
[2021-04-12T17:00:34.664] [DEBUG] cheese - login => username:admin,password:123456
[2021-04-12T17:00:34.664] [DEBUG] cheese - admin
[2021-04-12T17:00:34.665] [DEBUG] cheese - null
[2021-04-12T17:00:34.665] [DEBUG] cheese - null
[2021-04-12T18:56:45.512] [DEBUG] cheese - login => username:admin,password:123456
[2021-04-12T18:56:45.512] [DEBUG] cheese - admin
[2021-04-12T18:56:45.515] [DEBUG] cheese - null
[2021-04-12T18:56:45.515] [DEBUG] cheese - null
[2021-04-12T19:11:13.840] [DEBUG] cheese - login => username:admin,password:123456
[2021-04-12T19:11:13.840] [DEBUG] cheese - admin
[2021-04-12T19:11:13.842] [DEBUG] cheese - null
[2021-04-12T19:11:13.842] [DEBUG] cheese - null
[2021-04-12T19:17:27.007] [DEBUG] cheese - login => username:admin,password:123456
[2021-04-12T19:17:27.007] [DEBUG] cheese - admin
[2021-04-12T19:17:27.008] [DEBUG] cheese - null
[2021-04-12T19:17:27.008] [DEBUG] cheese - null
[2021-04-12T22:45:54.333] [DEBUG] cheese - login => username:admin,password:123456
[2021-04-12T22:45:54.333] [DEBUG] cheese - admin
[2021-04-12T22:45:54.336] [DEBUG] cheese - null
[2021-04-12T22:45:54.336] [DEBUG] cheese - null
[2021-04-14T12:23:25.773] [DEBUG] cheese - login => username:admin,password:123456
[2021-04-14T12:23:25.774] [DEBUG] cheese - admin
[2021-04-14T12:23:25.801] [DEBUG] cheese - null
[2021-04-14T12:23:25.801] [DEBUG] cheese - null
[2021-04-14T12:24:20.195] [DEBUG] cheese - login => username:admin,password:123456
[2021-04-14T12:24:20.195] [DEBUG] cheese - admin
[2021-04-14T12:24:20.196] [DEBUG] cheese - null
[2021-04-14T12:24:20.196] [DEBUG] cheese - null
[2021-04-14T13:32:32.430] [DEBUG] cheese - login => username:admin,password:123456
[2021-04-14T13:32:32.431] [DEBUG] cheese - admin
[2021-04-14T13:32:32.435] [DEBUG] cheese - null
[2021-04-14T13:32:32.435] [DEBUG] cheese - null
[2021-04-14T14:55:09.658] [DEBUG] cheese - login => username:admin,password:123456
[2021-04-14T14:55:09.658] [DEBUG] cheese - admin
[2021-04-14T14:55:09.664] [DEBUG] cheese - null
[2021-04-14T14:55:09.664] [DEBUG] cheese - null
[2021-04-14T15:12:00.480] [DEBUG] cheese - login => username:admin,password:123456
[2021-04-14T15:12:00.482] [DEBUG] cheese - admin
[2021-04-14T15:12:00.486] [DEBUG] cheese - null
[2021-04-14T15:12:00.487] [DEBUG] cheese - null
[2021-04-14T16:42:45.558] [DEBUG] cheese - null
[2021-04-14T17:04:01.565] [DEBUG] cheese - null
[2021-04-14T17:04:20.186] [DEBUG] cheese - null
[2021-04-14T18:59:59.798] [DEBUG] cheese - login => username:admin,password:123456
[2021-04-14T18:59:59.799] [DEBUG] cheese - admin
[2021-04-14T18:59:59.802] [DEBUG] cheese - null
[2021-04-14T18:59:59.803] [DEBUG] cheese - null
[2021-04-14T19:06:27.274] [DEBUG] cheese - login => username:admin,password:123456
[2021-04-14T19:06:27.274] [DEBUG] cheese - admin
[2021-04-14T19:06:27.276] [DEBUG] cheese - null
[2021-04-14T19:06:27.277] [DEBUG] cheese - null
[2021-04-15T20:31:46.818] [DEBUG] cheese - login => username:admin,password:123456
[2021-04-15T20:31:46.820] [DEBUG] cheese - admin
[2021-04-15T20:31:46.835] [DEBUG] cheese - null
[2021-04-15T20:31:46.836] [DEBUG] cheese - null
[2021-04-15T20:40:48.166] [DEBUG] cheese - login => username:admin,password:123456
[2021-04-15T20:40:48.167] [DEBUG] cheese - admin
[2021-04-15T20:40:48.176] [DEBUG] cheese - null
[2021-04-15T20:40:48.177] [DEBUG] cheese - null
